Stack trace (most recent call last):
#23   Object "[0xffffffffffffffff]", at 0xffffffffffffffff, in 
#22   Object "gz sim /home/liyitao/workspace/exp/semi_2/_543/a.sdf --seed 12345 -v 0 -r -s --headless-rendering", at 0x5f05b36a61c4, in _start
#21   Object "/lib/x86_64-linux-gnu/libc.so.6", at 0x772997e29e3f, in __libc_start_main
#20   Object "/lib/x86_64-linux-gnu/libc.so.6", at 0x772997e29d8f, in 
#19   Object "gz sim /home/liyitao/workspace/exp/semi_2/_543/a.sdf --seed 12345 -v 0 -r -s --headless-rendering", at 0x5f05b36a617e, in 
#18   Object "/lib/x86_64-linux-gnu/libruby-3.0.so.3.0", at 0x7729982a8e19, in ruby_run_node
#17   Object "/lib/x86_64-linux-gnu/libruby-3.0.so.3.0", at 0x7729982a5317, in 
#16   Object "/lib/x86_64-linux-gnu/libruby-3.0.so.3.0", at 0x77299843a30c, in rb_vm_exec
#15   Object "/lib/x86_64-linux-gnu/libruby-3.0.so.3.0", at 0x772998434c96, in 
#14   Object "/lib/x86_64-linux-gnu/libruby-3.0.so.3.0", at 0x772998431fc5, in 
#13   Object "/lib/x86_64-linux-gnu/libruby-3.0.so.3.0", at 0x77299842fc34, in 
#12   Object "/usr/lib/x86_64-linux-gnu/ruby/3.0.0/fiddle.so", at 0x77299811044b, in 
#11   Object "/lib/x86_64-linux-gnu/libruby-3.0.so.3.0", at 0x7729983fd088, in rb_nogvl
#10   Object "/usr/lib/x86_64-linux-gnu/ruby/3.0.0/fiddle.so", at 0x77299810fd6b, in 
#9    Object "/lib/x86_64-linux-gnu/libffi.so.8", at 0x7729980e5492, in 
#8    Object "/lib/x86_64-linux-gnu/libffi.so.8", at 0x7729980e8e2d, in 
#7    Object "/home/liyitao/workspace/install/lib/libgz-sim8-gz.so.8.0.0", at 0x77299737e92f, in runServer
#6    Object "/home/liyitao/workspace/install/lib/libgz-sim8.so.8", at 0x7729925bd721, in gz::sim::v8::Server::Run(bool, unsigned long, bool)
#5    Object "/home/liyitao/workspace/install/lib/libgz-sim8.so.8", at 0x7729925d0f8f, in 
#4    Object "/home/liyitao/workspace/install/lib/libgz-sim8.so.8", at 0x7729925f043a, in gz::sim::v8::SimulationRunner::Run(unsigned long)
#3    Object "/home/liyitao/workspace/install/lib/libgz-sim8.so.8", at 0x7729925ef600, in gz::sim::v8::SimulationRunner::Step(gz::sim::v8::UpdateInfo const&)
#2    Object "/home/liyitao/workspace/install/lib/libgz-sim8.so.8", at 0x7729925e1d81, in gz::sim::v8::SimulationRunner::UpdateSystems()
#1    Object "/home/liyitao/workspace/install/lib/gz-sim-8/plugins/libgz-sim-multicopter-motor-model-system.so", at 0x77298208d7cc, in gz::sim::v8::systems::MulticopterMotorModel::PreUpdate(gz::sim::v8::UpdateInfo const&, gz::sim::v8::EntityComponentManager&)
#0    Object "/lib/x86_64-linux-gnu/libstdc++.so.6", at 0x77299394bf9c, in std::__cxx11::basic_string<char, std::char_traits<char>, std::allocator<char> >::_M_assign(std::__cxx11::basic_string<char, std::char_traits<char>, std::allocator<char> > const&)
Segmentation fault (Address not mapped to object [0x10])
