
ODE INTERNAL ERROR 1: assertion "aabbBound >= dMinIntExact && aabbBound < dMaxIntExact" failed in collide() [collision_space.cpp:460]
Stack trace (most recent call last):
#31   Object "/lib/x86_64-linux-gnu/libc.so.6", at 0x71964c629d8f, in 
#30   Object "gz sim /home/liyitao/workspace/exp/learn_1/_14/a.sdf --seed 12345 -v 0 -r -s --headless-rendering", at 0x58ef1d66717e, in 
#29   Object "/lib/x86_64-linux-gnu/libruby-3.0.so.3.0", at 0x71964caa8e19, in ruby_run_node
#28   Object "/lib/x86_64-linux-gnu/libruby-3.0.so.3.0", at 0x71964caa5317, in 
#27   Object "/lib/x86_64-linux-gnu/libruby-3.0.so.3.0", at 0x71964cc3a30c, in rb_vm_exec
#26   Object "/lib/x86_64-linux-gnu/libruby-3.0.so.3.0", at 0x71964cc34c96, in 
#25   Object "/lib/x86_64-linux-gnu/libruby-3.0.so.3.0", at 0x71964cc31fc5, in 
#24   Object "/lib/x86_64-linux-gnu/libruby-3.0.so.3.0", at 0x71964cc2fc34, in 
#23   Object "/usr/lib/x86_64-linux-gnu/ruby/3.0.0/fiddle.so", at 0x71964cd9c44b, in 
#22   Object "/lib/x86_64-linux-gnu/libruby-3.0.so.3.0", at 0x71964cbfd088, in rb_nogvl
#21   Object "/usr/lib/x86_64-linux-gnu/ruby/3.0.0/fiddle.so", at 0x71964cd9bd6b, in 
#20   Object "/lib/x86_64-linux-gnu/libffi.so.8", at 0x71964c910492, in 
#19   Object "/lib/x86_64-linux-gnu/libffi.so.8", at 0x71964c913e2d, in 
#18   Object "/home/liyitao/workspace/install/lib/libgz-sim8-gz.so.8.0.0", at 0x71964bb7e92f, in runServer
#17   Object "/home/liyitao/workspace/install/lib/libgz-sim8.so.8", at 0x719646dbd721, in gz::sim::v8::Server::Run(bool, unsigned long, bool)
#16   Object "/home/liyitao/workspace/install/lib/libgz-sim8.so.8", at 0x719646dd0f8f, in 
#15   Object "/home/liyitao/workspace/install/lib/libgz-sim8.so.8", at 0x719646df043a, in gz::sim::v8::SimulationRunner::Run(unsigned long)
#14   Object "/home/liyitao/workspace/install/lib/libgz-sim8.so.8", at 0x719646def600, in gz::sim::v8::SimulationRunner::Step(gz::sim::v8::UpdateInfo const&)
#13   Object "/home/liyitao/workspace/install/lib/libgz-sim8.so.8", at 0x719646de1dd1, in gz::sim::v8::SimulationRunner::UpdateSystems()
#12   Object "/home/liyitao/workspace/install/lib/gz-sim-8/plugins/libgz-sim-physics-system.so", at 0x7196013cd21e, in gz::sim::v8::systems::Physics::Update(gz::sim::v8::UpdateInfo const&, gz::sim::v8::EntityComponentManager&)
#11   Object "/home/liyitao/workspace/install/lib/gz-sim-8/plugins/libgz-sim-physics-system.so", at 0x7196013adf28, in gz::sim::v8::systems::PhysicsPrivate::Step(std::chrono::duration<long, std::ratio<1l, 1000000000l> > const&)
#10   Object "/home/liyitao/workspace/install/lib/gz-physics-7/engine-plugins/libgz-physics-dartsim-plugin.so", at 0x7195fab99a1a, in gz::physics::dartsim::SimulationFeatures::WorldForwardStep(gz::physics::Identity const&, gz::physics::SpecifyData<gz::physics::RequireData<gz::physics::WorldPoses>, gz::physics::ExpectData<gz::physics::ChangedWorldPoses, gz::physics::Contacts, gz::physics::JointPositions> >&, gz::physics::CompositeData&, gz::physics::ExpectData<gz::physics::ApplyExternalForceTorques, gz::physics::ApplyGeneralizedForces, gz::physics::VelocityControlCommands, gz::physics::ServoControlCommands, std::chrono::duration<long, std::ratio<1l, 1000000000l> > > const&)
#9    Object "/lib/x86_64-linux-gnu/libdart.so.6.13", at 0x7195fa5936d3, in dart::simulation::World::step(bool)
#8    Object "/lib/x86_64-linux-gnu/libdart.so.6.13", at 0x7195fa578ca5, in dart::constraint::ConstraintSolver::solve()
#7    Object "/lib/x86_64-linux-gnu/libdart.so.6.13", at 0x7195fa577494, in dart::constraint::ConstraintSolver::updateConstraints()
#6    Object "/home/liyitao/workspace/install/lib/gz-physics-7/engine-plugins/libgz-physics-dartsim-plugin.so", at 0x7195fab4bd4b, in dart::collision::GzOdeCollisionDetector::collide(dart::collision::CollisionGroup*, dart::collision::CollisionOption const&, dart::collision::CollisionResult*)
#5    Object "/lib/x86_64-linux-gnu/libdart-collision-ode.so.6.13", at 0x719637325d1b, in dart::collision::OdeCollisionDetector::collide(dart::collision::CollisionGroup*, dart::collision::CollisionOption const&, dart::collision::CollisionResult*)
#4    Object "/lib/x86_64-linux-gnu/libode.so.8", at 0x71963691e266, in dxHashSpace::collide(void*, void (*)(void*, dxGeom*, dxGeom*))
#3    Object "/lib/x86_64-linux-gnu/libode.so.8", at 0x7196369267b7, in dDebug
#2    Object "/lib/x86_64-linux-gnu/libc.so.6", at 0x71964c6287f2, in abort
#1    Object "/lib/x86_64-linux-gnu/libc.so.6", at 0x71964c642475, in raise
#0    Object "/lib/x86_64-linux-gnu/libc.so.6", at 0x71964c6969fc, in pthread_kill
Aborted (Signal sent by tkill() 3908087 1002)
