terminate called after throwing an instance of 'Ogre::RenderingAPIException'
  what():  OGRE EXCEPTION(3:RenderingAPIException): Fragment Program 100000004PixelShader_ps failed to compile. See compile log above for details. in GLSLShader::compile at ./RenderSystems/GL3Plus/src/GLSL/OgreGLSLShader.cpp (line 361)
Stack trace (most recent call last) in thread 2029416:
#31   Object "/home/momo/workspace/install/lib/gz-sim-8/plugins/libgz-sim-model-photo-shoot-system.so", at 0x7b7303b4fda6, in std::enable_if<is_invocable_r_v<void, std::_Bind<void (gz::sim::v8::systems::ModelPhotoShootPrivate::*(gz::sim::v8::systems::ModelPhotoShootPrivate*))()>&>, void>::type std::__invoke_r<void, std::_Bind<void (gz::sim::v8::systems::ModelPhotoShootPrivate::*(gz::sim::v8::systems::ModelPhotoShootPrivate*))()>&>(std::_Bind<void (gz::sim::v8::systems::ModelPhotoShootPrivate::*(gz::sim::v8::systems::ModelPhotoShootPrivate*))()>&)
#30   Object "/home/momo/workspace/install/lib/gz-sim-8/plugins/libgz-sim-model-photo-shoot-system.so", at 0x7b7303b5aa44, in void std::__invoke_impl<void, std::_Bind<void (gz::sim::v8::systems::ModelPhotoShootPrivate::*(gz::sim::v8::systems::ModelPhotoShootPrivate*))()>&>(std::__invoke_other, std::_Bind<void (gz::sim::v8::systems::ModelPhotoShootPrivate::*(gz::sim::v8::systems::ModelPhotoShootPrivate*))()>&)
#29   Object "/home/momo/workspace/install/lib/gz-sim-8/plugins/libgz-sim-model-photo-shoot-system.so", at 0x7b7303b62ac4, in void std::_Bind<void (gz::sim::v8::systems::ModelPhotoShootPrivate::*(gz::sim::v8::systems::ModelPhotoShootPrivate*))()>::operator()<, void>()
#28   Object "/home/momo/workspace/install/lib/gz-sim-8/plugins/libgz-sim-model-photo-shoot-system.so", at 0x7b7303b71834, in void std::_Bind<void (gz::sim::v8::systems::ModelPhotoShootPrivate::*(gz::sim::v8::systems::ModelPhotoShootPrivate*))()>::__call<void, , 0ul>(std::tuple<>&&, std::_Index_tuple<0ul>)
#27   Object "/home/momo/workspace/install/lib/gz-sim-8/plugins/libgz-sim-model-photo-shoot-system.so", at 0x7b7303b786b3, in std::__invoke_result<void (gz::sim::v8::systems::ModelPhotoShootPrivate::*&)(), gz::sim::v8::systems::ModelPhotoShootPrivate*&>::type std::__invoke<void (gz::sim::v8::systems::ModelPhotoShootPrivate::*&)(), gz::sim::v8::systems::ModelPhotoShootPrivate*&>(void (gz::sim::v8::systems::ModelPhotoShootPrivate::*&)(), gz::sim::v8::systems::ModelPhotoShootPrivate*&)
#26   Object "/home/momo/workspace/install/lib/gz-sim-8/plugins/libgz-sim-model-photo-shoot-system.so", at 0x7b7303b7c8ad, in void std::__invoke_impl<void, void (gz::sim::v8::systems::ModelPhotoShootPrivate::*&)(), gz::sim::v8::systems::ModelPhotoShootPrivate*&>(std::__invoke_memfun_deref, void (gz::sim::v8::systems::ModelPhotoShootPrivate::*&)(), gz::sim::v8::systems::ModelPhotoShootPrivate*&)
#25   Object "/home/momo/workspace/install/lib/gz-sim-8/plugins/libgz-sim-model-photo-shoot-system.so", at 0x7b7303b28c9a, in gz::sim::v8::systems::ModelPhotoShootPrivate::PerformPostRenderingOperations()
#24   Object "/home/momo/workspace/install/lib/gz-sim-8/plugins/libgz-sim-model-photo-shoot-system.so", at 0x7b7303b2a19b, in gz::sim::v8::systems::ModelPhotoShootPrivate::SavePicture(std::shared_ptr<gz::rendering::v8::Camera>, gz::math::v7::Pose3<double> const&, std::__cxx11::basic_string<char, std::char_traits<char>, std::allocator<char> > const&) const
#23   Object "/home/momo/workspace/install/lib/gz-rendering-8/engine-plugins/libgz-rendering-ogre2.so", at 0x7b7302283066, in gz::rendering::v8::BaseCamera<gz::rendering::v8::Ogre2Sensor>::Capture(gz::rendering::v8::Image&)
#22   Object "/home/momo/workspace/install/lib/gz-rendering-8/engine-plugins/libgz-rendering-ogre2.so", at 0x7b7302282bf1, in gz::rendering::v8::BaseCamera<gz::rendering::v8::Ogre2Sensor>::Update()
#21   Object "/home/momo/workspace/install/lib/gz-rendering-8/engine-plugins/libgz-rendering-ogre2.so", at 0x7b73022a8c6b, in gz::rendering::v8::Ogre2Camera::Render()
#20   Object "/home/momo/workspace/install/lib/gz-rendering-8/engine-plugins/libgz-rendering-ogre2.so", at 0x7b73024ac928, in gz::rendering::v8::Ogre2RenderTarget::Render()
#19   Object "/usr/lib/x86_64-linux-gnu/OGRE-2.3/libOgreNextMain.so.2.3.1", at 0x7b73015fd6b3, in Ogre::CompositorWorkspace::_update(bool)
#18   Object "/usr/lib/x86_64-linux-gnu/OGRE-2.3/libOgreNextMain.so.2.3.1", at 0x7b73015ef934, in Ogre::CompositorNode::_update(Ogre::Camera const*, Ogre::SceneManager*)
#17   Object "/usr/lib/x86_64-linux-gnu/OGRE-2.3/libOgreNextMain.so.2.3.1", at 0x7b7301607bf7, in Ogre::CompositorPassScene::execute(Ogre::Camera const*)
#16   Object "/usr/lib/x86_64-linux-gnu/OGRE-2.3/libOgreNextMain.so.2.3.1", at 0x7b7301374612, in Ogre::Camera::_renderScenePhase02(Ogre::Camera const*, unsigned char, unsigned char, bool)
#15   Object "/usr/lib/x86_64-linux-gnu/OGRE-2.3/libOgreNextMain.so.2.3.1", at 0x7b73015091e4, in Ogre::SceneManager::_renderPhase02(Ogre::Camera*, Ogre::Camera const*, unsigned char, unsigned char, bool)
#14   Object "/usr/lib/x86_64-linux-gnu/OGRE-2.3/libOgreNextMain.so.2.3.1", at 0x7b73014cd0ee, in Ogre::RenderQueue::render(Ogre::RenderSystem*, unsigned char, unsigned char, bool, bool)
#13   Object "/usr/lib/x86_64-linux-gnu/OGRE-2.3/libOgreNextMain.so.2.3.1", at 0x7b73014cbd74, in Ogre::RenderQueue::renderGL3(Ogre::RenderSystem*, bool, bool, Ogre::HlmsCache*, Ogre::RenderQueue::RenderQueueGroup const&, Ogre::IndirectBufferPacked*, unsigned char*, unsigned char*)
#12   Object "/usr/lib/x86_64-linux-gnu/OGRE-2.3/libOgreNextHlmsPbs.so.2.3.1", at 0x7b733e9486a4, in Ogre::HlmsPbs::createShaderCacheEntry(unsigned int, Ogre::HlmsCache const&, unsigned int, Ogre::QueuedRenderable const&)
#11   Object "/usr/lib/x86_64-linux-gnu/OGRE-2.3/OGRE/RenderSystem_GL3Plus.so", at 0x7b733dee6328, in Ogre::GLSLMonolithicProgramManager::getActiveMonolithicProgram()
#10   Object "/usr/lib/x86_64-linux-gnu/OGRE-2.3/OGRE/RenderSystem_GL3Plus.so", at 0x7b733dee8ada, in Ogre::GLSLMonolithicProgram::activate()
#9    Object "/usr/lib/x86_64-linux-gnu/OGRE-2.3/OGRE/RenderSystem_GL3Plus.so", at 0x7b733dee835d, in Ogre::GLSLMonolithicProgram::compileAndLink()
#8    Object "/usr/lib/x86_64-linux-gnu/OGRE-2.3/OGRE/RenderSystem_GL3Plus.so", at 0x7b733dedd697, in 
#7    Object "/usr/lib/x86_64-linux-gnu/OGRE-2.3/OGRE/RenderSystem_GL3Plus.so", at 0x7b733dedc296, in 
#6    Object "/lib/x86_64-linux-gnu/libstdc++.so.6", at 0x7b7357aae4d7, in __cxa_throw
#5    Object "/lib/x86_64-linux-gnu/libstdc++.so.6", at 0x7b7357aae276, in std::terminate()
#4    Object "/lib/x86_64-linux-gnu/libstdc++.so.6", at 0x7b7357aae20b, in 
#3    Object "/lib/x86_64-linux-gnu/libstdc++.so.6", at 0x7b7357aa2b9d, in 
#2    Object "/lib/x86_64-linux-gnu/libc.so.6", at 0x7b735c0287f2, in abort
#1    Object "/lib/x86_64-linux-gnu/libc.so.6", at 0x7b735c042475, in raise
#0    Object "/lib/x86_64-linux-gnu/libc.so.6", at 0x7b735c0969fc, in pthread_kill
Aborted (Signal sent by tkill() 2029353 1000)
