
ODE INTERNAL ERROR 1: assertion "aabbBound >= dMinIntExact && aabbBound < dMaxIntExact" failed in collide() [collision_space.cpp:460]
Stack trace (most recent call last):
#31   Object "/lib/x86_64-linux-gnu/libc.so.6", at 0x7fc388629d8f, in 
#30   Object "gz sim /home/qiguanxiao/workspace/exp/learn_2/_565/a.sdf --seed 12345 -v 0 -r -s --headless-rendering", at 0x5fd30586717e, in 
#29   Object "/lib/x86_64-linux-gnu/libruby-3.0.so.3.0", at 0x7fc388aa8e19, in ruby_run_node
#28   Object "/lib/x86_64-linux-gnu/libruby-3.0.so.3.0", at 0x7fc388aa5317, in 
#27   Object "/lib/x86_64-linux-gnu/libruby-3.0.so.3.0", at 0x7fc388c3a30c, in rb_vm_exec
#26   Object "/lib/x86_64-linux-gnu/libruby-3.0.so.3.0", at 0x7fc388c34c96, in 
#25   Object "/lib/x86_64-linux-gnu/libruby-3.0.so.3.0", at 0x7fc388c31fc5, in 
#24   Object "/lib/x86_64-linux-gnu/libruby-3.0.so.3.0", at 0x7fc388c2fc34, in 
#23   Object "/usr/lib/x86_64-linux-gnu/ruby/3.0.0/fiddle.so", at 0x7fc38885c44b, in 
#22   Object "/lib/x86_64-linux-gnu/libruby-3.0.so.3.0", at 0x7fc388bfd088, in rb_nogvl
#21   Object "/usr/lib/x86_64-linux-gnu/ruby/3.0.0/fiddle.so", at 0x7fc38885bd6b, in 
#20   Object "/lib/x86_64-linux-gnu/libffi.so.8", at 0x7fc38888a492, in 
#19   Object "/lib/x86_64-linux-gnu/libffi.so.8", at 0x7fc38888de2d, in 
#18   Object "/home/qiguanxiao/workspace/install/lib/libgz-sim8-gz.so.8.0.0", at 0x7fc387aed9f7, in runServer
#17   Object "/home/qiguanxiao/workspace/install/lib/libgz-sim8.so.8", at 0x7fc382acd25a, in gz::sim::v8::Server::Run(bool, unsigned long, bool)
#16   Object "/home/qiguanxiao/workspace/install/lib/libgz-sim8.so.8", at 0x7fc382b139d4, in 
#15   Object "/home/qiguanxiao/workspace/install/lib/libgz-sim8.so.8", at 0x7fc382b6f01a, in gz::sim::v8::SimulationRunner::Run(unsigned long)
#14   Object "/home/qiguanxiao/workspace/install/lib/libgz-sim8.so.8", at 0x7fc382b6cdc8, in gz::sim::v8::SimulationRunner::Step(gz::sim::v8::UpdateInfo const&)
#13   Object "/home/qiguanxiao/workspace/install/lib/libgz-sim8.so.8", at 0x7fc382b4a3fe, in gz::sim::v8::SimulationRunner::UpdateSystems()
#12   Object "/home/qiguanxiao/workspace/install/lib/gz-sim-8/plugins/libgz-sim-physics-system.so", at 0x7fc345c21f28, in gz::sim::v8::systems::Physics::Update(gz::sim::v8::UpdateInfo const&, gz::sim::v8::EntityComponentManager&)
#11   Object "/home/qiguanxiao/workspace/install/lib/gz-sim-8/plugins/libgz-sim-physics-system.so", at 0x7fc345bd38a3, in gz::sim::v8::systems::PhysicsPrivate::Step(std::chrono::duration<long, std::ratio<1l, 1000000000l> > const&)
#10   Object "/home/qiguanxiao/workspace/install/lib/gz-physics-7/engine-plugins/libgz-physics-dartsim-plugin.so", at 0x7fc33f318d1c, in gz::physics::dartsim::SimulationFeatures::WorldForwardStep(gz::physics::Identity const&, gz::physics::SpecifyData<gz::physics::RequireData<gz::physics::WorldPoses>, gz::physics::ExpectData<gz::physics::ChangedWorldPoses, gz::physics::Contacts, gz::physics::JointPositions> >&, gz::physics::CompositeData&, gz::physics::ExpectData<gz::physics::ApplyExternalForceTorques, gz::physics::ApplyGeneralizedForces, gz::physics::VelocityControlCommands, gz::physics::ServoControlCommands, std::chrono::duration<long, std::ratio<1l, 1000000000l> > > const&)
#9    Object "/lib/x86_64-linux-gnu/libdart.so.6.13", at 0x7fc33eb936d3, in dart::simulation::World::step(bool)
#8    Object "/lib/x86_64-linux-gnu/libdart.so.6.13", at 0x7fc33eb78ca5, in dart::constraint::ConstraintSolver::solve()
#7    Object "/lib/x86_64-linux-gnu/libdart.so.6.13", at 0x7fc33eb77494, in dart::constraint::ConstraintSolver::updateConstraints()
#6    Object "/home/qiguanxiao/workspace/install/lib/gz-physics-7/engine-plugins/libgz-physics-dartsim-plugin.so", at 0x7fc33f2435a3, in dart::collision::GzOdeCollisionDetector::collide(dart::collision::CollisionGroup*, dart::collision::CollisionOption const&, dart::collision::CollisionResult*)
#5    Object "/lib/x86_64-linux-gnu/libdart-collision-ode.so.6.13", at 0x7fc371564d1b, in dart::collision::OdeCollisionDetector::collide(dart::collision::CollisionGroup*, dart::collision::CollisionOption const&, dart::collision::CollisionResult*)
#4    Object "/lib/x86_64-linux-gnu/libode.so.8", at 0x7fc370b1e266, in dxHashSpace::collide(void*, void (*)(void*, dxGeom*, dxGeom*))
#3    Object "/lib/x86_64-linux-gnu/libode.so.8", at 0x7fc370b267b7, in dDebug
#2    Object "/lib/x86_64-linux-gnu/libc.so.6", at 0x7fc3886287f2, in abort
#1    Object "/lib/x86_64-linux-gnu/libc.so.6", at 0x7fc388642475, in raise
#0    Object "/lib/x86_64-linux-gnu/libc.so.6", at 0x7fc3886969fc, in pthread_kill
Aborted (Signal sent by tkill() 2728706 1000)
