Stack trace (most recent call last):
#23   Object "[0xffffffffffffffff]", at 0xffffffffffffffff, in 
#22   Object "gz sim /home/liyitao/workspace/exp/learn_4n_2/_190/a.sdf --seed 12345 -v 0 -r -s --headless-rendering", at 0x65052aa891c4, in _start
#21   Object "/lib/x86_64-linux-gnu/libc.so.6", at 0x7ef335829e3f, in __libc_start_main
#20   Object "/lib/x86_64-linux-gnu/libc.so.6", at 0x7ef335829d8f, in 
#19   Object "gz sim /home/liyitao/workspace/exp/learn_4n_2/_190/a.sdf --seed 12345 -v 0 -r -s --headless-rendering", at 0x65052aa8917e, in 
#18   Object "/lib/x86_64-linux-gnu/libruby-3.0.so.3.0", at 0x7ef335ca8e19, in ruby_run_node
#17   Object "/lib/x86_64-linux-gnu/libruby-3.0.so.3.0", at 0x7ef335ca5317, in 
#16   Object "/lib/x86_64-linux-gnu/libruby-3.0.so.3.0", at 0x7ef335e3a30c, in rb_vm_exec
#15   Object "/lib/x86_64-linux-gnu/libruby-3.0.so.3.0", at 0x7ef335e34c96, in 
#14   Object "/lib/x86_64-linux-gnu/libruby-3.0.so.3.0", at 0x7ef335e31fc5, in 
#13   Object "/lib/x86_64-linux-gnu/libruby-3.0.so.3.0", at 0x7ef335e2fc34, in 
#12   Object "/usr/lib/x86_64-linux-gnu/ruby/3.0.0/fiddle.so", at 0x7ef335f8e44b, in 
#11   Object "/lib/x86_64-linux-gnu/libruby-3.0.so.3.0", at 0x7ef335dfd088, in rb_nogvl
#10   Object "/usr/lib/x86_64-linux-gnu/ruby/3.0.0/fiddle.so", at 0x7ef335f8dd6b, in 
#9    Object "/lib/x86_64-linux-gnu/libffi.so.8", at 0x7ef335f7f492, in 
#8    Object "/lib/x86_64-linux-gnu/libffi.so.8", at 0x7ef335f82e2d, in 
#7    Object "/home/liyitao/workspace/install/lib/libgz-sim8-gz.so.8.0.0", at 0x7ef334d7e92f, in runServer
#6    Object "/home/liyitao/workspace/install/lib/libgz-sim8.so.8", at 0x7ef32ffbd721, in gz::sim::v8::Server::Run(bool, unsigned long, bool)
#5    Object "/home/liyitao/workspace/install/lib/libgz-sim8.so.8", at 0x7ef32ffd0f8f, in 
#4    Object "/home/liyitao/workspace/install/lib/libgz-sim8.so.8", at 0x7ef32fff043a, in gz::sim::v8::SimulationRunner::Run(unsigned long)
#3    Object "/home/liyitao/workspace/install/lib/libgz-sim8.so.8", at 0x7ef32ffef600, in gz::sim::v8::SimulationRunner::Step(gz::sim::v8::UpdateInfo const&)
#2    Object "/home/liyitao/workspace/install/lib/libgz-sim8.so.8", at 0x7ef32ffe1d81, in gz::sim::v8::SimulationRunner::UpdateSystems()
#1    Object "/home/liyitao/workspace/install/lib/gz-sim-8/plugins/libgz-sim-logicalaudiosensorplugin-system.so", at 0x7ef31fa7770f, in gz::sim::v8::systems::LogicalAudioSensorPlugin::PreUpdate(gz::sim::v8::UpdateInfo const&, gz::sim::v8::EntityComponentManager&)
#0    Object "/home/liyitao/workspace/install/lib/gz-sim-8/plugins/libgz-sim-logicalaudiosensorplugin-system.so", at 0x7ef31fa77524, in gz::sim::v8::systems::LogicalAudioSensorPluginPrivate::DurationExceeded(gz::sim::v8::UpdateInfo const&, gz::sim::v8::logical_audio::SourcePlayInfo const&)
Segmentation fault (Address not mapped to object [0x10])
