Stack trace (most recent call last):
#23   Object "[0xffffffffffffffff]", at 0xffffffffffffffff, in 
#22   Object "gz sim /home/qiguanxiao/workspace/exp/rs_1/_462/a.sdf --seed 12345 -v 0 -r -s --headless-rendering", at 0x6273084e81c4, in _start
#21   Object "/lib/x86_64-linux-gnu/libc.so.6", at 0x79a48ba29e3f, in __libc_start_main
#20   Object "/lib/x86_64-linux-gnu/libc.so.6", at 0x79a48ba29d8f, in 
#19   Object "gz sim /home/qiguanxiao/workspace/exp/rs_1/_462/a.sdf --seed 12345 -v 0 -r -s --headless-rendering", at 0x6273084e817e, in 
#18   Object "/lib/x86_64-linux-gnu/libruby-3.0.so.3.0", at 0x79a48bea8e19, in ruby_run_node
#17   Object "/lib/x86_64-linux-gnu/libruby-3.0.so.3.0", at 0x79a48bea5317, in 
#16   Object "/lib/x86_64-linux-gnu/libruby-3.0.so.3.0", at 0x79a48c03a30c, in rb_vm_exec
#15   Object "/lib/x86_64-linux-gnu/libruby-3.0.so.3.0", at 0x79a48c034c96, in 
#14   Object "/lib/x86_64-linux-gnu/libruby-3.0.so.3.0", at 0x79a48c031fc5, in 
#13   Object "/lib/x86_64-linux-gnu/libruby-3.0.so.3.0", at 0x79a48c02fc34, in 
#12   Object "/usr/lib/x86_64-linux-gnu/ruby/3.0.0/fiddle.so", at 0x79a48bc4944b, in 
#11   Object "/lib/x86_64-linux-gnu/libruby-3.0.so.3.0", at 0x79a48bffd088, in rb_nogvl
#10   Object "/usr/lib/x86_64-linux-gnu/ruby/3.0.0/fiddle.so", at 0x79a48bc48d6b, in 
#9    Object "/lib/x86_64-linux-gnu/libffi.so.8", at 0x79a48aff7492, in 
#8    Object "/lib/x86_64-linux-gnu/libffi.so.8", at 0x79a48affae2d, in 
#7    Object "/home/qiguanxiao/workspace/install/lib/libgz-sim8-gz.so.8.0.0", at 0x79a48ae929f7, in runServer
#6    Object "/home/qiguanxiao/workspace/install/lib/libgz-sim8.so.8", at 0x79a485ecd25a, in gz::sim::v8::Server::Run(bool, unsigned long, bool)
#5    Object "/home/qiguanxiao/workspace/install/lib/libgz-sim8.so.8", at 0x79a485f139d4, in 
#4    Object "/home/qiguanxiao/workspace/install/lib/libgz-sim8.so.8", at 0x79a485f6f01a, in gz::sim::v8::SimulationRunner::Run(unsigned long)
#3    Object "/home/qiguanxiao/workspace/install/lib/libgz-sim8.so.8", at 0x79a485f6cdc8, in gz::sim::v8::SimulationRunner::Step(gz::sim::v8::UpdateInfo const&)
#2    Object "/home/qiguanxiao/workspace/install/lib/libgz-sim8.so.8", at 0x79a485f4a194, in gz::sim::v8::SimulationRunner::UpdateSystems()
#1    Object "/home/qiguanxiao/workspace/install/lib/gz-sim-8/plugins/libgz-sim-linearbatteryplugin-system.so", at 0x79a471ebd936, in gz::sim::v8::systems::LinearBatteryPlugin::PreUpdate(gz::sim::v8::UpdateInfo const&, gz::sim::v8::EntityComponentManager&)
#0    Object "/home/qiguanxiao/workspace/install/lib/libgz-common5.so.5", at 0x79a48769e232, in gz::common::Battery::SetPowerLoad(unsigned int, double)
Segmentation fault (Address not mapped to object [0x10])
