Stack trace (most recent call last):
#22   Object "[0xffffffffffffffff]", at 0xffffffffffffffff, in 
#21   Object "gz sim /home/liyitao/workspace/exp/semi_2/_474/a.sdf --seed 12345 -v 0 -r -s --headless-rendering", at 0x5c5853bcf1c4, in _start
#20   Object "/lib/x86_64-linux-gnu/libc.so.6", at 0x7c6936e29e3f, in __libc_start_main
#19   Object "/lib/x86_64-linux-gnu/libc.so.6", at 0x7c6936e29d8f, in 
#18   Object "gz sim /home/liyitao/workspace/exp/semi_2/_474/a.sdf --seed 12345 -v 0 -r -s --headless-rendering", at 0x5c5853bcf17e, in 
#17   Object "/lib/x86_64-linux-gnu/libruby-3.0.so.3.0", at 0x7c69372a8e19, in ruby_run_node
#16   Object "/lib/x86_64-linux-gnu/libruby-3.0.so.3.0", at 0x7c69372a5317, in 
#15   Object "/lib/x86_64-linux-gnu/libruby-3.0.so.3.0", at 0x7c693743a30c, in rb_vm_exec
#14   Object "/lib/x86_64-linux-gnu/libruby-3.0.so.3.0", at 0x7c6937434c96, in 
#13   Object "/lib/x86_64-linux-gnu/libruby-3.0.so.3.0", at 0x7c6937431fc5, in 
#12   Object "/lib/x86_64-linux-gnu/libruby-3.0.so.3.0", at 0x7c693742fc34, in 
#11   Object "/usr/lib/x86_64-linux-gnu/ruby/3.0.0/fiddle.so", at 0x7c693759044b, in 
#10   Object "/lib/x86_64-linux-gnu/libruby-3.0.so.3.0", at 0x7c69373fd088, in rb_nogvl
#9    Object "/usr/lib/x86_64-linux-gnu/ruby/3.0.0/fiddle.so", at 0x7c693758fd6b, in 
#8    Object "/lib/x86_64-linux-gnu/libffi.so.8", at 0x7c6937581492, in 
#7    Object "/lib/x86_64-linux-gnu/libffi.so.8", at 0x7c6937584e2d, in 
#6    Object "/home/liyitao/workspace/install/lib/libgz-sim8-gz.so.8.0.0", at 0x7c6936d5e92f, in runServer
#5    Object "/home/liyitao/workspace/install/lib/libgz-sim8.so.8", at 0x7c69315bd721, in gz::sim::v8::Server::Run(bool, unsigned long, bool)
#4    Object "/home/liyitao/workspace/install/lib/libgz-sim8.so.8", at 0x7c69315d0f8f, in 
#3    Object "/home/liyitao/workspace/install/lib/libgz-sim8.so.8", at 0x7c69315f043a, in gz::sim::v8::SimulationRunner::Run(unsigned long)
#2    Object "/home/liyitao/workspace/install/lib/libgz-sim8.so.8", at 0x7c69315ef600, in gz::sim::v8::SimulationRunner::Step(gz::sim::v8::UpdateInfo const&)
#1    Object "/home/liyitao/workspace/install/lib/libgz-sim8.so.8", at 0x7c69315e1d81, in gz::sim::v8::SimulationRunner::UpdateSystems()
#0    Object "/home/liyitao/workspace/install/lib/gz-sim-8/plugins/libgz-sim-opticaltactileplugin-system.so", at 0x7c691f38c9b8, in gz::sim::v8::systems::OpticalTactilePlugin::PreUpdate(gz::sim::v8::UpdateInfo const&, gz::sim::v8::EntityComponentManager&)
Segmentation fault (Address not mapped to object [0x28])
