Stack trace (most recent call last):
#23   Object "[0xffffffffffffffff]", at 0xffffffffffffffff, in 
#22   Object "gz sim /home/qiguanxiao/workspace/exp/learn_dis_2/_489/a.sdf --seed 12345 -v 0 -r -s --headless-rendering", at 0x600b1734c1c4, in _start
#21   Object "/lib/x86_64-linux-gnu/libc.so.6", at 0x792905c29e3f, in __libc_start_main
#20   Object "/lib/x86_64-linux-gnu/libc.so.6", at 0x792905c29d8f, in 
#19   Object "gz sim /home/qiguanxiao/workspace/exp/learn_dis_2/_489/a.sdf --seed 12345 -v 0 -r -s --headless-rendering", at 0x600b1734c17e, in 
#18   Object "/lib/x86_64-linux-gnu/libruby-3.0.so.3.0", at 0x7929060a8e19, in ruby_run_node
#17   Object "/lib/x86_64-linux-gnu/libruby-3.0.so.3.0", at 0x7929060a5317, in 
#16   Object "/lib/x86_64-linux-gnu/libruby-3.0.so.3.0", at 0x79290623a30c, in rb_vm_exec
#15   Object "/lib/x86_64-linux-gnu/libruby-3.0.so.3.0", at 0x792906234c96, in 
#14   Object "/lib/x86_64-linux-gnu/libruby-3.0.so.3.0", at 0x792906231fc5, in 
#13   Object "/lib/x86_64-linux-gnu/libruby-3.0.so.3.0", at 0x79290622fc34, in 
#12   Object "/usr/lib/x86_64-linux-gnu/ruby/3.0.0/fiddle.so", at 0x792905ad544b, in 
#11   Object "/lib/x86_64-linux-gnu/libruby-3.0.so.3.0", at 0x7929061fd088, in rb_nogvl
#10   Object "/usr/lib/x86_64-linux-gnu/ruby/3.0.0/fiddle.so", at 0x792905ad4d6b, in 
#9    Object "/lib/x86_64-linux-gnu/libffi.so.8", at 0x792905e2d492, in 
#8    Object "/lib/x86_64-linux-gnu/libffi.so.8", at 0x792905e30e2d, in 
#7    Object "/home/qiguanxiao/workspace/install/lib/libgz-sim8-gz.so.8.0.0", at 0x7929050cd9f7, in runServer
#6    Object "/home/qiguanxiao/workspace/install/lib/libgz-sim8.so.8", at 0x7929000cd25a, in gz::sim::v8::Server::Run(bool, unsigned long, bool)
#5    Object "/home/qiguanxiao/workspace/install/lib/libgz-sim8.so.8", at 0x7929001139d4, in 
#4    Object "/home/qiguanxiao/workspace/install/lib/libgz-sim8.so.8", at 0x79290016f01a, in gz::sim::v8::SimulationRunner::Run(unsigned long)
#3    Object "/home/qiguanxiao/workspace/install/lib/libgz-sim8.so.8", at 0x79290016cdc8, in gz::sim::v8::SimulationRunner::Step(gz::sim::v8::UpdateInfo const&)
#2    Object "/home/qiguanxiao/workspace/install/lib/libgz-sim8.so.8", at 0x79290014a0ba, in gz::sim::v8::SimulationRunner::UpdateSystems()
#1    Object "/home/qiguanxiao/workspace/install/lib/gz-sim-8/plugins/libgz-sim-linearbatteryplugin-system.so", at 0x7928ede4d936, in gz::sim::v8::systems::LinearBatteryPlugin::PreUpdate(gz::sim::v8::UpdateInfo const&, gz::sim::v8::EntityComponentManager&)
#0    Object "/home/qiguanxiao/workspace/install/lib/libgz-common5.so.5", at 0x79290189e232, in gz::common::Battery::SetPowerLoad(unsigned int, double)
Segmentation fault (Address not mapped to object [0x10])
