Stack trace (most recent call last):
#22   Object "[0xffffffffffffffff]", at 0xffffffffffffffff, in 
#21   Object "gz sim /home/qiguanxiao/workspace/exp/learn_semi_1/_492/a.sdf --seed 12345 -v 0 -r -s --headless-rendering", at 0x5d83b558c1c4, in _start
#20   Object "/lib/x86_64-linux-gnu/libc.so.6", at 0x701f63229e3f, in __libc_start_main
#19   Object "/lib/x86_64-linux-gnu/libc.so.6", at 0x701f63229d8f, in 
#18   Object "gz sim /home/qiguanxiao/workspace/exp/learn_semi_1/_492/a.sdf --seed 12345 -v 0 -r -s --headless-rendering", at 0x5d83b558c17e, in 
#17   Object "/lib/x86_64-linux-gnu/libruby-3.0.so.3.0", at 0x701f636a8e19, in ruby_run_node
#16   Object "/lib/x86_64-linux-gnu/libruby-3.0.so.3.0", at 0x701f636a5317, in 
#15   Object "/lib/x86_64-linux-gnu/libruby-3.0.so.3.0", at 0x701f6383a30c, in rb_vm_exec
#14   Object "/lib/x86_64-linux-gnu/libruby-3.0.so.3.0", at 0x701f63834c96, in 
#13   Object "/lib/x86_64-linux-gnu/libruby-3.0.so.3.0", at 0x701f63831fc5, in 
#12   Object "/lib/x86_64-linux-gnu/libruby-3.0.so.3.0", at 0x701f6382fc34, in 
#11   Object "/usr/lib/x86_64-linux-gnu/ruby/3.0.0/fiddle.so", at 0x701f6347644b, in 
#10   Object "/lib/x86_64-linux-gnu/libruby-3.0.so.3.0", at 0x701f637fd088, in rb_nogvl
#9    Object "/usr/lib/x86_64-linux-gnu/ruby/3.0.0/fiddle.so", at 0x701f63475d6b, in 
#8    Object "/lib/x86_64-linux-gnu/libffi.so.8", at 0x701f634a4492, in 
#7    Object "/lib/x86_64-linux-gnu/libffi.so.8", at 0x701f634a7e2d, in 
#6    Object "/home/qiguanxiao/workspace/install/lib/libgz-sim8-gz.so.8.0.0", at 0x701f626ed9f7, in runServer
#5    Object "/home/qiguanxiao/workspace/install/lib/libgz-sim8.so.8", at 0x701f5d6cd25a, in gz::sim::v8::Server::Run(bool, unsigned long, bool)
#4    Object "/home/qiguanxiao/workspace/install/lib/libgz-sim8.so.8", at 0x701f5d7139d4, in 
#3    Object "/home/qiguanxiao/workspace/install/lib/libgz-sim8.so.8", at 0x701f5d76f01a, in gz::sim::v8::SimulationRunner::Run(unsigned long)
#2    Object "/home/qiguanxiao/workspace/install/lib/libgz-sim8.so.8", at 0x701f5d76cdc8, in gz::sim::v8::SimulationRunner::Step(gz::sim::v8::UpdateInfo const&)
#1    Object "/home/qiguanxiao/workspace/install/lib/libgz-sim8.so.8", at 0x701f5d74a14e, in gz::sim::v8::SimulationRunner::UpdateSystems()
#0    Object "/home/qiguanxiao/workspace/install/lib/gz-sim-8/plugins/libgz-sim-follow-actor-system.so", at 0x701f4ac75de9, in gz::sim::v8::systems::FollowActor::PreUpdate(gz::sim::v8::UpdateInfo const&, gz::sim::v8::EntityComponentManager&)
Segmentation fault (Address not mapped to object [0x10])
