Stack trace (most recent call last):
#23   Object "[0xffffffffffffffff]", at 0xffffffffffffffff, in 
#22   Object "gz sim /home/liyitao/workspace/exp/learn_dis_1/_417/a.sdf --seed 12345 -v 0 -r -s --headless-rendering", at 0x56ee689fa1c4, in _start
#21   Object "/lib/x86_64-linux-gnu/libc.so.6", at 0x7d34c9429e3f, in __libc_start_main
#20   Object "/lib/x86_64-linux-gnu/libc.so.6", at 0x7d34c9429d8f, in 
#19   Object "gz sim /home/liyitao/workspace/exp/learn_dis_1/_417/a.sdf --seed 12345 -v 0 -r -s --headless-rendering", at 0x56ee689fa17e, in 
#18   Object "/lib/x86_64-linux-gnu/libruby-3.0.so.3.0", at 0x7d34c98a8e19, in ruby_run_node
#17   Object "/lib/x86_64-linux-gnu/libruby-3.0.so.3.0", at 0x7d34c98a5317, in 
#16   Object "/lib/x86_64-linux-gnu/libruby-3.0.so.3.0", at 0x7d34c9a3a30c, in rb_vm_exec
#15   Object "/lib/x86_64-linux-gnu/libruby-3.0.so.3.0", at 0x7d34c9a34c96, in 
#14   Object "/lib/x86_64-linux-gnu/libruby-3.0.so.3.0", at 0x7d34c9a31fc5, in 
#13   Object "/lib/x86_64-linux-gnu/libruby-3.0.so.3.0", at 0x7d34c9a2fc34, in 
#12   Object "/usr/lib/x86_64-linux-gnu/ruby/3.0.0/fiddle.so", at 0x7d34c9b9d44b, in 
#11   Object "/lib/x86_64-linux-gnu/libruby-3.0.so.3.0", at 0x7d34c99fd088, in rb_nogvl
#10   Object "/usr/lib/x86_64-linux-gnu/ruby/3.0.0/fiddle.so", at 0x7d34c9b9cd6b, in 
#9    Object "/lib/x86_64-linux-gnu/libffi.so.8", at 0x7d34c9710492, in 
#8    Object "/lib/x86_64-linux-gnu/libffi.so.8", at 0x7d34c9713e2d, in 
#7    Object "/home/liyitao/workspace/install/lib/libgz-sim8-gz.so.8.0.0", at 0x7d34c897e92f, in runServer
#6    Object "/home/liyitao/workspace/install/lib/libgz-sim8.so.8", at 0x7d34c3bbd721, in gz::sim::v8::Server::Run(bool, unsigned long, bool)
#5    Object "/home/liyitao/workspace/install/lib/libgz-sim8.so.8", at 0x7d34c3bd0f8f, in 
#4    Object "/home/liyitao/workspace/install/lib/libgz-sim8.so.8", at 0x7d34c3bf043a, in gz::sim::v8::SimulationRunner::Run(unsigned long)
#3    Object "/home/liyitao/workspace/install/lib/libgz-sim8.so.8", at 0x7d34c3bef600, in gz::sim::v8::SimulationRunner::Step(gz::sim::v8::UpdateInfo const&)
#2    Object "/home/liyitao/workspace/install/lib/libgz-sim8.so.8", at 0x7d34c3be1d81, in gz::sim::v8::SimulationRunner::UpdateSystems()
#1    Object "/home/liyitao/workspace/install/lib/gz-sim-8/plugins/libgz-sim-linearbatteryplugin-system.so", at 0x7d34b3669ad5, in gz::sim::v8::systems::LinearBatteryPlugin::PreUpdate(gz::sim::v8::UpdateInfo const&, gz::sim::v8::EntityComponentManager&)
#0    Object "/home/liyitao/workspace/install/lib/libgz-common5.so.5", at 0x7d34c888f70a, in gz::common::Battery::SetPowerLoad(unsigned int, double)
Segmentation fault (Address not mapped to object [0x10])
