
ODE INTERNAL ERROR 1: assertion "aabbBound >= dMinIntExact && aabbBound < dMaxIntExact" failed in collide() [collision_space.cpp:460]
Stack trace (most recent call last):
#31   Object "/lib/x86_64-linux-gnu/libc.so.6", at 0x7b10a3629d8f, in 
#30   Object "gz sim /home/liyitao/workspace/exp/learn_2/_479/a.sdf --seed 12345 -v 0 -r -s --headless-rendering", at 0x5f77ebec217e, in 
#29   Object "/lib/x86_64-linux-gnu/libruby-3.0.so.3.0", at 0x7b10a3aa8e19, in ruby_run_node
#28   Object "/lib/x86_64-linux-gnu/libruby-3.0.so.3.0", at 0x7b10a3aa5317, in 
#27   Object "/lib/x86_64-linux-gnu/libruby-3.0.so.3.0", at 0x7b10a3c3a30c, in rb_vm_exec
#26   Object "/lib/x86_64-linux-gnu/libruby-3.0.so.3.0", at 0x7b10a3c34c96, in 
#25   Object "/lib/x86_64-linux-gnu/libruby-3.0.so.3.0", at 0x7b10a3c31fc5, in 
#24   Object "/lib/x86_64-linux-gnu/libruby-3.0.so.3.0", at 0x7b10a3c2fc34, in 
#23   Object "/usr/lib/x86_64-linux-gnu/ruby/3.0.0/fiddle.so", at 0x7b10a3d7c44b, in 
#22   Object "/lib/x86_64-linux-gnu/libruby-3.0.so.3.0", at 0x7b10a3bfd088, in rb_nogvl
#21   Object "/usr/lib/x86_64-linux-gnu/ruby/3.0.0/fiddle.so", at 0x7b10a3d7bd6b, in 
#20   Object "/lib/x86_64-linux-gnu/libffi.so.8", at 0x7b10a3838492, in 
#19   Object "/lib/x86_64-linux-gnu/libffi.so.8", at 0x7b10a383be2d, in 
#18   Object "/home/liyitao/workspace/install/lib/libgz-sim8-gz.so.8.0.0", at 0x7b10a2b7e92f, in runServer
#17   Object "/home/liyitao/workspace/install/lib/libgz-sim8.so.8", at 0x7b109ddbd721, in gz::sim::v8::Server::Run(bool, unsigned long, bool)
#16   Object "/home/liyitao/workspace/install/lib/libgz-sim8.so.8", at 0x7b109ddd0f8f, in 
#15   Object "/home/liyitao/workspace/install/lib/libgz-sim8.so.8", at 0x7b109ddf043a, in gz::sim::v8::SimulationRunner::Run(unsigned long)
#14   Object "/home/liyitao/workspace/install/lib/libgz-sim8.so.8", at 0x7b109ddef600, in gz::sim::v8::SimulationRunner::Step(gz::sim::v8::UpdateInfo const&)
#13   Object "/home/liyitao/workspace/install/lib/libgz-sim8.so.8", at 0x7b109dde1dd1, in gz::sim::v8::SimulationRunner::UpdateSystems()
#12   Object "/home/liyitao/workspace/install/lib/gz-sim-8/plugins/libgz-sim-physics-system.so", at 0x7b1058dcd21e, in gz::sim::v8::systems::Physics::Update(gz::sim::v8::UpdateInfo const&, gz::sim::v8::EntityComponentManager&)
#11   Object "/home/liyitao/workspace/install/lib/gz-sim-8/plugins/libgz-sim-physics-system.so", at 0x7b1058dadf28, in gz::sim::v8::systems::PhysicsPrivate::Step(std::chrono::duration<long, std::ratio<1l, 1000000000l> > const&)
#10   Object "/home/liyitao/workspace/install/lib/gz-physics-7/engine-plugins/libgz-physics-dartsim-plugin.so", at 0x7b1052599a1a, in gz::physics::dartsim::SimulationFeatures::WorldForwardStep(gz::physics::Identity const&, gz::physics::SpecifyData<gz::physics::RequireData<gz::physics::WorldPoses>, gz::physics::ExpectData<gz::physics::ChangedWorldPoses, gz::physics::Contacts, gz::physics::JointPositions> >&, gz::physics::CompositeData&, gz::physics::ExpectData<gz::physics::ApplyExternalForceTorques, gz::physics::ApplyGeneralizedForces, gz::physics::VelocityControlCommands, gz::physics::ServoControlCommands, std::chrono::duration<long, std::ratio<1l, 1000000000l> > > const&)
#9    Object "/lib/x86_64-linux-gnu/libdart.so.6.13", at 0x7b1051f936d3, in dart::simulation::World::step(bool)
#8    Object "/lib/x86_64-linux-gnu/libdart.so.6.13", at 0x7b1051f78ca5, in dart::constraint::ConstraintSolver::solve()
#7    Object "/lib/x86_64-linux-gnu/libdart.so.6.13", at 0x7b1051f77494, in dart::constraint::ConstraintSolver::updateConstraints()
#6    Object "/home/liyitao/workspace/install/lib/gz-physics-7/engine-plugins/libgz-physics-dartsim-plugin.so", at 0x7b105254bd4b, in dart::collision::GzOdeCollisionDetector::collide(dart::collision::CollisionGroup*, dart::collision::CollisionOption const&, dart::collision::CollisionResult*)
#5    Object "/lib/x86_64-linux-gnu/libdart-collision-ode.so.6.13", at 0x7b108e31cd1b, in dart::collision::OdeCollisionDetector::collide(dart::collision::CollisionGroup*, dart::collision::CollisionOption const&, dart::collision::CollisionResult*)
#4    Object "/lib/x86_64-linux-gnu/libode.so.8", at 0x7b108d91e266, in dxHashSpace::collide(void*, void (*)(void*, dxGeom*, dxGeom*))
#3    Object "/lib/x86_64-linux-gnu/libode.so.8", at 0x7b108d9267b7, in dDebug
#2    Object "/lib/x86_64-linux-gnu/libc.so.6", at 0x7b10a36287f2, in abort
#1    Object "/lib/x86_64-linux-gnu/libc.so.6", at 0x7b10a3642475, in raise
#0    Object "/lib/x86_64-linux-gnu/libc.so.6", at 0x7b10a36969fc, in pthread_kill
Aborted (Signal sent by tkill() 2181435 1002)
