Stack trace (most recent call last):
#23   Object "[0xffffffffffffffff]", at 0xffffffffffffffff, in 
#22   Object "gz sim /home/qiguanxiao/workspace/exp/learn_semi_1/_487/a.sdf --seed 12345 -v 0 -r -s --headless-rendering", at 0x61b6a3fff1c4, in _start
#21   Object "/lib/x86_64-linux-gnu/libc.so.6", at 0x75456c229e3f, in __libc_start_main
#20   Object "/lib/x86_64-linux-gnu/libc.so.6", at 0x75456c229d8f, in 
#19   Object "gz sim /home/qiguanxiao/workspace/exp/learn_semi_1/_487/a.sdf --seed 12345 -v 0 -r -s --headless-rendering", at 0x61b6a3fff17e, in 
#18   Object "/lib/x86_64-linux-gnu/libruby-3.0.so.3.0", at 0x75456c6a8e19, in ruby_run_node
#17   Object "/lib/x86_64-linux-gnu/libruby-3.0.so.3.0", at 0x75456c6a5317, in 
#16   Object "/lib/x86_64-linux-gnu/libruby-3.0.so.3.0", at 0x75456c83a30c, in rb_vm_exec
#15   Object "/lib/x86_64-linux-gnu/libruby-3.0.so.3.0", at 0x75456c834c96, in 
#14   Object "/lib/x86_64-linux-gnu/libruby-3.0.so.3.0", at 0x75456c831fc5, in 
#13   Object "/lib/x86_64-linux-gnu/libruby-3.0.so.3.0", at 0x75456c82fc34, in 
#12   Object "/usr/lib/x86_64-linux-gnu/ruby/3.0.0/fiddle.so", at 0x75456c9a244b, in 
#11   Object "/lib/x86_64-linux-gnu/libruby-3.0.so.3.0", at 0x75456c7fd088, in rb_nogvl
#10   Object "/usr/lib/x86_64-linux-gnu/ruby/3.0.0/fiddle.so", at 0x75456c9a1d6b, in 
#9    Object "/lib/x86_64-linux-gnu/libffi.so.8", at 0x75456c97b492, in 
#8    Object "/lib/x86_64-linux-gnu/libffi.so.8", at 0x75456c97ee2d, in 
#7    Object "/home/qiguanxiao/workspace/install/lib/libgz-sim8-gz.so.8.0.0", at 0x75456b6ed9f7, in runServer
#6    Object "/home/qiguanxiao/workspace/install/lib/libgz-sim8.so.8", at 0x7545666cd25a, in gz::sim::v8::Server::Run(bool, unsigned long, bool)
#5    Object "/home/qiguanxiao/workspace/install/lib/libgz-sim8.so.8", at 0x7545667139d4, in 
#4    Object "/home/qiguanxiao/workspace/install/lib/libgz-sim8.so.8", at 0x75456676f01a, in gz::sim::v8::SimulationRunner::Run(unsigned long)
#3    Object "/home/qiguanxiao/workspace/install/lib/libgz-sim8.so.8", at 0x75456676cdc8, in gz::sim::v8::SimulationRunner::Step(gz::sim::v8::UpdateInfo const&)
#2    Object "/home/qiguanxiao/workspace/install/lib/libgz-sim8.so.8", at 0x75456674a0ba, in gz::sim::v8::SimulationRunner::UpdateSystems()
#1    Object "/home/qiguanxiao/workspace/install/lib/gz-sim-8/plugins/libgz-sim-multicopter-motor-model-system.so", at 0x754553d2717c, in gz::sim::v8::systems::MulticopterMotorModel::PreUpdate(gz::sim::v8::UpdateInfo const&, gz::sim::v8::EntityComponentManager&)
#0    Object "/lib/x86_64-linux-gnu/libstdc++.so.6", at 0x754567d4bf9c, in std::__cxx11::basic_string<char, std::char_traits<char>, std::allocator<char> >::_M_assign(std::__cxx11::basic_string<char, std::char_traits<char>, std::allocator<char> > const&)
Segmentation fault (Address not mapped to object [0x10])
