
ODE INTERNAL ERROR 1: assertion "aabbBound >= dMinIntExact && aabbBound < dMaxIntExact" failed in collide() [collision_space.cpp:460]
Stack trace (most recent call last):
#31   Object "/lib/x86_64-linux-gnu/libc.so.6", at 0x70b0e8e29d8f, in 
#30   Object "gz sim /home/liyitao/workspace/exp/learn_4n_2/_501/a.sdf --seed 12345 -v 0 -r -s --headless-rendering", at 0x6372f51ac17e, in 
#29   Object "/lib/x86_64-linux-gnu/libruby-3.0.so.3.0", at 0x70b0e92a8e19, in ruby_run_node
#28   Object "/lib/x86_64-linux-gnu/libruby-3.0.so.3.0", at 0x70b0e92a5317, in 
#27   Object "/lib/x86_64-linux-gnu/libruby-3.0.so.3.0", at 0x70b0e943a30c, in rb_vm_exec
#26   Object "/lib/x86_64-linux-gnu/libruby-3.0.so.3.0", at 0x70b0e9434c96, in 
#25   Object "/lib/x86_64-linux-gnu/libruby-3.0.so.3.0", at 0x70b0e9431fc5, in 
#24   Object "/lib/x86_64-linux-gnu/libruby-3.0.so.3.0", at 0x70b0e942fc34, in 
#23   Object "/usr/lib/x86_64-linux-gnu/ruby/3.0.0/fiddle.so", at 0x70b0e958244b, in 
#22   Object "/lib/x86_64-linux-gnu/libruby-3.0.so.3.0", at 0x70b0e93fd088, in rb_nogvl
#21   Object "/usr/lib/x86_64-linux-gnu/ruby/3.0.0/fiddle.so", at 0x70b0e9581d6b, in 
#20   Object "/lib/x86_64-linux-gnu/libffi.so.8", at 0x70b0e9072492, in 
#19   Object "/lib/x86_64-linux-gnu/libffi.so.8", at 0x70b0e9075e2d, in 
#18   Object "/home/liyitao/workspace/install/lib/libgz-sim8-gz.so.8.0.0", at 0x70b0e837e92f, in runServer
#17   Object "/home/liyitao/workspace/install/lib/libgz-sim8.so.8", at 0x70b0e35bd721, in gz::sim::v8::Server::Run(bool, unsigned long, bool)
#16   Object "/home/liyitao/workspace/install/lib/libgz-sim8.so.8", at 0x70b0e35d0f8f, in 
#15   Object "/home/liyitao/workspace/install/lib/libgz-sim8.so.8", at 0x70b0e35f043a, in gz::sim::v8::SimulationRunner::Run(unsigned long)
#14   Object "/home/liyitao/workspace/install/lib/libgz-sim8.so.8", at 0x70b0e35ef600, in gz::sim::v8::SimulationRunner::Step(gz::sim::v8::UpdateInfo const&)
#13   Object "/home/liyitao/workspace/install/lib/libgz-sim8.so.8", at 0x70b0e35e1dd1, in gz::sim::v8::SimulationRunner::UpdateSystems()
#12   Object "/home/liyitao/workspace/install/lib/gz-sim-8/plugins/libgz-sim-physics-system.so", at 0x70b09ddcd21e, in gz::sim::v8::systems::Physics::Update(gz::sim::v8::UpdateInfo const&, gz::sim::v8::EntityComponentManager&)
#11   Object "/home/liyitao/workspace/install/lib/gz-sim-8/plugins/libgz-sim-physics-system.so", at 0x70b09ddadf28, in gz::sim::v8::systems::PhysicsPrivate::Step(std::chrono::duration<long, std::ratio<1l, 1000000000l> > const&)
#10   Object "/home/liyitao/workspace/install/lib/gz-physics-7/engine-plugins/libgz-physics-dartsim-plugin.so", at 0x70b097599a1a, in gz::physics::dartsim::SimulationFeatures::WorldForwardStep(gz::physics::Identity const&, gz::physics::SpecifyData<gz::physics::RequireData<gz::physics::WorldPoses>, gz::physics::ExpectData<gz::physics::ChangedWorldPoses, gz::physics::Contacts, gz::physics::JointPositions> >&, gz::physics::CompositeData&, gz::physics::ExpectData<gz::physics::ApplyExternalForceTorques, gz::physics::ApplyGeneralizedForces, gz::physics::VelocityControlCommands, gz::physics::ServoControlCommands, std::chrono::duration<long, std::ratio<1l, 1000000000l> > > const&)
#9    Object "/lib/x86_64-linux-gnu/libdart.so.6.13", at 0x70b096f936d3, in dart::simulation::World::step(bool)
#8    Object "/lib/x86_64-linux-gnu/libdart.so.6.13", at 0x70b096f78ca5, in dart::constraint::ConstraintSolver::solve()
#7    Object "/lib/x86_64-linux-gnu/libdart.so.6.13", at 0x70b096f77494, in dart::constraint::ConstraintSolver::updateConstraints()
#6    Object "/home/liyitao/workspace/install/lib/gz-physics-7/engine-plugins/libgz-physics-dartsim-plugin.so", at 0x70b09754bd4b, in dart::collision::GzOdeCollisionDetector::collide(dart::collision::CollisionGroup*, dart::collision::CollisionOption const&, dart::collision::CollisionResult*)
#5    Object "/lib/x86_64-linux-gnu/libdart-collision-ode.so.6.13", at 0x70b0d3b64d1b, in dart::collision::OdeCollisionDetector::collide(dart::collision::CollisionGroup*, dart::collision::CollisionOption const&, dart::collision::CollisionResult*)
#4    Object "/lib/x86_64-linux-gnu/libode.so.8", at 0x70b0d311e266, in dxHashSpace::collide(void*, void (*)(void*, dxGeom*, dxGeom*))
#3    Object "/lib/x86_64-linux-gnu/libode.so.8", at 0x70b0d31267b7, in dDebug
#2    Object "/lib/x86_64-linux-gnu/libc.so.6", at 0x70b0e8e287f2, in abort
#1    Object "/lib/x86_64-linux-gnu/libc.so.6", at 0x70b0e8e42475, in raise
#0    Object "/lib/x86_64-linux-gnu/libc.so.6", at 0x70b0e8e969fc, in pthread_kill
Aborted (Signal sent by tkill() 3282285 1002)
