Stack trace (most recent call last):
#23   Object "[0xffffffffffffffff]", at 0xffffffffffffffff, in 
#22   Object "gz sim /home/qiguanxiao/workspace/exp/learn_2/_757/a.sdf --seed 12345 -v 0 -r -s --headless-rendering", at 0x5592b1eb91c4, in _start
#21   Object "/lib/x86_64-linux-gnu/libc.so.6", at 0x7b29bd429e3f, in __libc_start_main
#20   Object "/lib/x86_64-linux-gnu/libc.so.6", at 0x7b29bd429d8f, in 
#19   Object "gz sim /home/qiguanxiao/workspace/exp/learn_2/_757/a.sdf --seed 12345 -v 0 -r -s --headless-rendering", at 0x5592b1eb917e, in 
#18   Object "/lib/x86_64-linux-gnu/libruby-3.0.so.3.0", at 0x7b29bd8a8e19, in ruby_run_node
#17   Object "/lib/x86_64-linux-gnu/libruby-3.0.so.3.0", at 0x7b29bd8a5317, in 
#16   Object "/lib/x86_64-linux-gnu/libruby-3.0.so.3.0", at 0x7b29bda3a30c, in rb_vm_exec
#15   Object "/lib/x86_64-linux-gnu/libruby-3.0.so.3.0", at 0x7b29bda34c96, in 
#14   Object "/lib/x86_64-linux-gnu/libruby-3.0.so.3.0", at 0x7b29bda31fc5, in 
#13   Object "/lib/x86_64-linux-gnu/libruby-3.0.so.3.0", at 0x7b29bda2fc34, in 
#12   Object "/usr/lib/x86_64-linux-gnu/ruby/3.0.0/fiddle.so", at 0x7b29bd67644b, in 
#11   Object "/lib/x86_64-linux-gnu/libruby-3.0.so.3.0", at 0x7b29bd9fd088, in rb_nogvl
#10   Object "/usr/lib/x86_64-linux-gnu/ruby/3.0.0/fiddle.so", at 0x7b29bd675d6b, in 
#9    Object "/lib/x86_64-linux-gnu/libffi.so.8", at 0x7b29bd6a5492, in 
#8    Object "/lib/x86_64-linux-gnu/libffi.so.8", at 0x7b29bd6a8e2d, in 
#7    Object "/home/qiguanxiao/workspace/install/lib/libgz-sim8-gz.so.8.0.0", at 0x7b29bc8ed9f7, in runServer
#6    Object "/home/qiguanxiao/workspace/install/lib/libgz-sim8.so.8", at 0x7b29b78cd25a, in gz::sim::v8::Server::Run(bool, unsigned long, bool)
#5    Object "/home/qiguanxiao/workspace/install/lib/libgz-sim8.so.8", at 0x7b29b79139d4, in 
#4    Object "/home/qiguanxiao/workspace/install/lib/libgz-sim8.so.8", at 0x7b29b796f01a, in gz::sim::v8::SimulationRunner::Run(unsigned long)
#3    Object "/home/qiguanxiao/workspace/install/lib/libgz-sim8.so.8", at 0x7b29b796cdc8, in gz::sim::v8::SimulationRunner::Step(gz::sim::v8::UpdateInfo const&)
#2    Object "/home/qiguanxiao/workspace/install/lib/libgz-sim8.so.8", at 0x7b29b794a0ba, in gz::sim::v8::SimulationRunner::UpdateSystems()
#1    Object "/home/qiguanxiao/workspace/install/lib/gz-sim-8/plugins/libgz-sim-multicopter-motor-model-system.so", at 0x7b299fe6817c, in gz::sim::v8::systems::MulticopterMotorModel::PreUpdate(gz::sim::v8::UpdateInfo const&, gz::sim::v8::EntityComponentManager&)
#0    Object "/lib/x86_64-linux-gnu/libstdc++.so.6", at 0x7b29b8f4bf9c, in std::__cxx11::basic_string<char, std::char_traits<char>, std::allocator<char> >::_M_assign(std::__cxx11::basic_string<char, std::char_traits<char>, std::allocator<char> > const&)
Segmentation fault (Address not mapped to object [0x10])
