Stack trace (most recent call last):
#23   Object "[0xffffffffffffffff]", at 0xffffffffffffffff, in 
#22   Object "gz sim /home/liyitao/workspace/exp/semi_2/_553/a.sdf --seed 12345 -v 0 -r -s --headless-rendering", at 0x60248257c1c4, in _start
#21   Object "/lib/x86_64-linux-gnu/libc.so.6", at 0x7999af829e3f, in __libc_start_main
#20   Object "/lib/x86_64-linux-gnu/libc.so.6", at 0x7999af829d8f, in 
#19   Object "gz sim /home/liyitao/workspace/exp/semi_2/_553/a.sdf --seed 12345 -v 0 -r -s --headless-rendering", at 0x60248257c17e, in 
#18   Object "/lib/x86_64-linux-gnu/libruby-3.0.so.3.0", at 0x7999afca8e19, in ruby_run_node
#17   Object "/lib/x86_64-linux-gnu/libruby-3.0.so.3.0", at 0x7999afca5317, in 
#16   Object "/lib/x86_64-linux-gnu/libruby-3.0.so.3.0", at 0x7999afe3a30c, in rb_vm_exec
#15   Object "/lib/x86_64-linux-gnu/libruby-3.0.so.3.0", at 0x7999afe34c96, in 
#14   Object "/lib/x86_64-linux-gnu/libruby-3.0.so.3.0", at 0x7999afe31fc5, in 
#13   Object "/lib/x86_64-linux-gnu/libruby-3.0.so.3.0", at 0x7999afe2fc34, in 
#12   Object "/usr/lib/x86_64-linux-gnu/ruby/3.0.0/fiddle.so", at 0x7999aff8c44b, in 
#11   Object "/lib/x86_64-linux-gnu/libruby-3.0.so.3.0", at 0x7999afdfd088, in rb_nogvl
#10   Object "/usr/lib/x86_64-linux-gnu/ruby/3.0.0/fiddle.so", at 0x7999aff8bd6b, in 
#9    Object "/lib/x86_64-linux-gnu/libffi.so.8", at 0x7999aff7d492, in 
#8    Object "/lib/x86_64-linux-gnu/libffi.so.8", at 0x7999aff80e2d, in 
#7    Object "/home/liyitao/workspace/install/lib/libgz-sim8-gz.so.8.0.0", at 0x7999aed7e92f, in runServer
#6    Object "/home/liyitao/workspace/install/lib/libgz-sim8.so.8", at 0x7999a9fbd721, in gz::sim::v8::Server::Run(bool, unsigned long, bool)
#5    Object "/home/liyitao/workspace/install/lib/libgz-sim8.so.8", at 0x7999a9fd0f8f, in 
#4    Object "/home/liyitao/workspace/install/lib/libgz-sim8.so.8", at 0x7999a9ff043a, in gz::sim::v8::SimulationRunner::Run(unsigned long)
#3    Object "/home/liyitao/workspace/install/lib/libgz-sim8.so.8", at 0x7999a9fef600, in gz::sim::v8::SimulationRunner::Step(gz::sim::v8::UpdateInfo const&)
#2    Object "/home/liyitao/workspace/install/lib/libgz-sim8.so.8", at 0x7999a9fe1d81, in gz::sim::v8::SimulationRunner::UpdateSystems()
#1    Object "/home/liyitao/workspace/install/lib/gz-sim-8/plugins/libgz-sim-multicopter-motor-model-system.so", at 0x7999990947cc, in gz::sim::v8::systems::MulticopterMotorModel::PreUpdate(gz::sim::v8::UpdateInfo const&, gz::sim::v8::EntityComponentManager&)
#0    Object "/lib/x86_64-linux-gnu/libstdc++.so.6", at 0x7999ab34bf9c, in std::__cxx11::basic_string<char, std::char_traits<char>, std::allocator<char> >::_M_assign(std::__cxx11::basic_string<char, std::char_traits<char>, std::allocator<char> > const&)
Segmentation fault (Address not mapped to object [0x10])
