Stack trace (most recent call last):
#24   Object "[0xffffffffffffffff]", at 0xffffffffffffffff, in 
#23   Object "gz sim /home/liyitao/workspace/exp/learn_1/_76/a.sdf --seed 12345 -v 0 -r -s --headless-rendering", at 0x5a48461ae1c4, in _start
#22   Object "/lib/x86_64-linux-gnu/libc.so.6", at 0x7f70b5829e3f, in __libc_start_main
#21   Object "/lib/x86_64-linux-gnu/libc.so.6", at 0x7f70b5829d8f, in 
#20   Object "gz sim /home/liyitao/workspace/exp/learn_1/_76/a.sdf --seed 12345 -v 0 -r -s --headless-rendering", at 0x5a48461ae17e, in 
#19   Object "/lib/x86_64-linux-gnu/libruby-3.0.so.3.0", at 0x7f70b5ca8e19, in ruby_run_node
#18   Object "/lib/x86_64-linux-gnu/libruby-3.0.so.3.0", at 0x7f70b5ca5317, in 
#17   Object "/lib/x86_64-linux-gnu/libruby-3.0.so.3.0", at 0x7f70b5e3a30c, in rb_vm_exec
#16   Object "/lib/x86_64-linux-gnu/libruby-3.0.so.3.0", at 0x7f70b5e34c96, in 
#15   Object "/lib/x86_64-linux-gnu/libruby-3.0.so.3.0", at 0x7f70b5e31fc5, in 
#14   Object "/lib/x86_64-linux-gnu/libruby-3.0.so.3.0", at 0x7f70b5e2fc34, in 
#13   Object "/usr/lib/x86_64-linux-gnu/ruby/3.0.0/fiddle.so", at 0x7f70b5b1044b, in 
#12   Object "/lib/x86_64-linux-gnu/libruby-3.0.so.3.0", at 0x7f70b5dfd088, in rb_nogvl
#11   Object "/usr/lib/x86_64-linux-gnu/ruby/3.0.0/fiddle.so", at 0x7f70b5b0fd6b, in 
#10   Object "/lib/x86_64-linux-gnu/libffi.so.8", at 0x7f70b5ae5492, in 
#9    Object "/lib/x86_64-linux-gnu/libffi.so.8", at 0x7f70b5ae8e2d, in 
#8    Object "/home/liyitao/workspace/install/lib/libgz-sim8-gz.so.8.0.0", at 0x7f70b4d7e92f, in runServer
#7    Object "/home/liyitao/workspace/install/lib/libgz-sim8.so.8", at 0x7f70affbd721, in gz::sim::v8::Server::Run(bool, unsigned long, bool)
#6    Object "/home/liyitao/workspace/install/lib/libgz-sim8.so.8", at 0x7f70affd0f8f, in 
#5    Object "/home/liyitao/workspace/install/lib/libgz-sim8.so.8", at 0x7f70afff043a, in gz::sim::v8::SimulationRunner::Run(unsigned long)
#4    Object "/home/liyitao/workspace/install/lib/libgz-sim8.so.8", at 0x7f70affef600, in gz::sim::v8::SimulationRunner::Step(gz::sim::v8::UpdateInfo const&)
#3    Object "/home/liyitao/workspace/install/lib/libgz-sim8.so.8", at 0x7f70affe1d81, in gz::sim::v8::SimulationRunner::UpdateSystems()
#2    Object "/home/liyitao/workspace/install/lib/gz-sim-8/plugins/libgz-sim-user-commands-system.so", at 0x7f709f1547b8, in gz::sim::v8::systems::UserCommands::PreUpdate(gz::sim::v8::UpdateInfo const&, gz::sim::v8::EntityComponentManager&)
#1    Object "/home/liyitao/workspace/install/lib/gz-sim-8/plugins/libgz-sim-user-commands-system.so", at 0x7f709f1588ac, in gz::sim::v8::systems::DisableCollisionCommand::Execute()
#0    Object "/home/liyitao/workspace/install/lib/gz-sim-8/plugins/libgz-sim-user-commands-system.so", at 0x7f709f157452, in gz::sim::v8::systems::UserCommandsInterface::HasContactSensor(unsigned long)
Segmentation fault (Address not mapped to object [0x8])
