[1;33mWarning [Inertia.cpp:308][0m [Inertia::verifySpatialTensor] Invalid entry for (3,3): 0.261666. Value should be exactly zero.
[1;33mWarning [Inertia.cpp:317][0m [Inertia::verifySpatialTensor] Invalid entry for (4,3): 0.261666. Value should be exactly zero.
[1;33mWarning [Inertia.cpp:308][0m [Inertia::verifySpatialTensor] Invalid entry for (3,3): 0.261666. Value should be exactly zero.
[1;33mWarning [Inertia.cpp:317][0m [Inertia::verifySpatialTensor] Invalid entry for (5,3): 0.261666. Value should be exactly zero.
[1;33mWarning [Inertia.cpp:207][0m [Inertia::setSpatialTensor] Passing in an invalid spatial inertia tensor. Results might not be physically accurate or meaningful.
[1;33mWarning [Inertia.cpp:308][0m [Inertia::verifySpatialTensor] Invalid entry for (3,3): 0.261666. Value should be exactly zero.
[1;33mWarning [Inertia.cpp:317][0m [Inertia::verifySpatialTensor] Invalid entry for (4,3): 0.261666. Value should be exactly zero.
[1;33mWarning [Inertia.cpp:207][0m [Inertia::setSpatialTensor] Passing in an invalid spatial inertia tensor. Results might not be physically accurate or meaningful.
Stack trace (most recent call last) in thread 2538473:
#11   Object "[0xffffffffffffffff]", at 0xffffffffffffffff, in 
#10   Object "/lib/x86_64-linux-gnu/libc.so.6", at 0x7c9d8572684f, in 
#9    Object "/lib/x86_64-linux-gnu/libc.so.6", at 0x7c9d85694ac2, in 
#8    Object "/lib/x86_64-linux-gnu/libstdc++.so.6", at 0x7c9d810dc252, in 
#7    Object "/home/momo/workspace/install/lib/libgz-sim8.so.8", at 0x7c9d7e913a67, in 
#6    Object "/home/momo/workspace/install/lib/libgz-sim8.so.8", at 0x7c9d7e913aa7, in 
#5    Object "/home/momo/workspace/install/lib/libgz-sim8.so.8", at 0x7c9d7e913b1b, in 
#4    Object "/home/momo/workspace/install/lib/libgz-sim8.so.8", at 0x7c9d7e913bed, in 
#3    Object "/home/momo/workspace/install/lib/libgz-sim8.so.8", at 0x7c9d7e913c85, in 
#2    Object "/home/momo/workspace/install/lib/libgz-sim8.so.8", at 0x7c9d7e903e15, in 
#1    Object "/home/momo/workspace/install/lib/gz-sim-8/plugins/libgz-sim-ackermann-steering-system.so", at 0x7c9d2e57b949, in gz::sim::v8::systems::AckermannSteering::PostUpdate(gz::sim::v8::UpdateInfo const&, gz::sim::v8::EntityComponentManager const&)
#0    Object "/home/momo/workspace/install/lib/gz-sim-8/plugins/libgz-sim-ackermann-steering-system.so", at 0x7c9d2e57dd24, in gz::sim::v8::systems::AckermannSteeringPrivate::UpdateVelocity(gz::sim::v8::UpdateInfo const&, gz::sim::v8::EntityComponentManager const&)
Segmentation fault (Address not mapped to object [(nil)])
