Stack trace (most recent call last):
#22   Object "[0xffffffffffffffff]", at 0xffffffffffffffff, in 
#21   Object "gz sim /home/qiguanxiao/workspace/exp/learn_semi_1/_244/a.sdf --seed 12345 -v 0 -r -s --headless-rendering", at 0x60c284fc51c4, in _start
#20   Object "/lib/x86_64-linux-gnu/libc.so.6", at 0x7a76d8829e3f, in __libc_start_main
#19   Object "/lib/x86_64-linux-gnu/libc.so.6", at 0x7a76d8829d8f, in 
#18   Object "gz sim /home/qiguanxiao/workspace/exp/learn_semi_1/_244/a.sdf --seed 12345 -v 0 -r -s --headless-rendering", at 0x60c284fc517e, in 
#17   Object "/lib/x86_64-linux-gnu/libruby-3.0.so.3.0", at 0x7a76d8ca8e19, in ruby_run_node
#16   Object "/lib/x86_64-linux-gnu/libruby-3.0.so.3.0", at 0x7a76d8ca5317, in 
#15   Object "/lib/x86_64-linux-gnu/libruby-3.0.so.3.0", at 0x7a76d8e3a30c, in rb_vm_exec
#14   Object "/lib/x86_64-linux-gnu/libruby-3.0.so.3.0", at 0x7a76d8e34c96, in 
#13   Object "/lib/x86_64-linux-gnu/libruby-3.0.so.3.0", at 0x7a76d8e31fc5, in 
#12   Object "/lib/x86_64-linux-gnu/libruby-3.0.so.3.0", at 0x7a76d8e2fc34, in 
#11   Object "/usr/lib/x86_64-linux-gnu/ruby/3.0.0/fiddle.so", at 0x7a76d8f8444b, in 
#10   Object "/lib/x86_64-linux-gnu/libruby-3.0.so.3.0", at 0x7a76d8dfd088, in rb_nogvl
#9    Object "/usr/lib/x86_64-linux-gnu/ruby/3.0.0/fiddle.so", at 0x7a76d8f83d6b, in 
#8    Object "/lib/x86_64-linux-gnu/libffi.so.8", at 0x7a76d8a2d492, in 
#7    Object "/lib/x86_64-linux-gnu/libffi.so.8", at 0x7a76d8a30e2d, in 
#6    Object "/home/qiguanxiao/workspace/install/lib/libgz-sim8-gz.so.8.0.0", at 0x7a76d7ced9f7, in runServer
#5    Object "/home/qiguanxiao/workspace/install/lib/libgz-sim8.so.8", at 0x7a76d2ccd25a, in gz::sim::v8::Server::Run(bool, unsigned long, bool)
#4    Object "/home/qiguanxiao/workspace/install/lib/libgz-sim8.so.8", at 0x7a76d2d139d4, in 
#3    Object "/home/qiguanxiao/workspace/install/lib/libgz-sim8.so.8", at 0x7a76d2d6f01a, in gz::sim::v8::SimulationRunner::Run(unsigned long)
#2    Object "/home/qiguanxiao/workspace/install/lib/libgz-sim8.so.8", at 0x7a76d2d6cdc8, in gz::sim::v8::SimulationRunner::Step(gz::sim::v8::UpdateInfo const&)
#1    Object "/home/qiguanxiao/workspace/install/lib/libgz-sim8.so.8", at 0x7a76d2d4a194, in gz::sim::v8::SimulationRunner::UpdateSystems()
#0    Object "/home/qiguanxiao/workspace/install/lib/gz-sim-8/plugins/libgz-sim-follow-actor-system.so", at 0x7a76c0a75de9, in gz::sim::v8::systems::FollowActor::PreUpdate(gz::sim::v8::UpdateInfo const&, gz::sim::v8::EntityComponentManager&)
Segmentation fault (Address not mapped to object [0x10])
