[libprotobuf ERROR google/protobuf/text_format.cc:309] Error parsing text-format gz.msgs.Twist: 1:1: Expected identifier, got: -
[libprotobuf ERROR google/protobuf/text_format.cc:309] Error parsing text-format gz.msgs.Twist: 1:1: Expected identifier, got: -

ODE INTERNAL ERROR 1: assertion "aabbBound >= dMinIntExact && aabbBound < dMaxIntExact" failed in collide() [collision_space.cpp:460]
Stack trace (most recent call last):
#31   Object "/lib/x86_64-linux-gnu/libc.so.6", at 0x7a04cba29d8f, in 
#30   Object "gz sim /home/liyitao/workspace/exp/learn_1/_544/a.sdf --seed 12345 -v 0 -r -s --headless-rendering", at 0x5dfcff31f17e, in 
#29   Object "/lib/x86_64-linux-gnu/libruby-3.0.so.3.0", at 0x7a04cbea8e19, in ruby_run_node
#28   Object "/lib/x86_64-linux-gnu/libruby-3.0.so.3.0", at 0x7a04cbea5317, in 
#27   Object "/lib/x86_64-linux-gnu/libruby-3.0.so.3.0", at 0x7a04cc03a30c, in rb_vm_exec
#26   Object "/lib/x86_64-linux-gnu/libruby-3.0.so.3.0", at 0x7a04cc034c96, in 
#25   Object "/lib/x86_64-linux-gnu/libruby-3.0.so.3.0", at 0x7a04cc031fc5, in 
#24   Object "/lib/x86_64-linux-gnu/libruby-3.0.so.3.0", at 0x7a04cc02fc34, in 
#23   Object "/usr/lib/x86_64-linux-gnu/ruby/3.0.0/fiddle.so", at 0x7a04cc1b044b, in 
#22   Object "/lib/x86_64-linux-gnu/libruby-3.0.so.3.0", at 0x7a04cbffd088, in rb_nogvl
#21   Object "/usr/lib/x86_64-linux-gnu/ruby/3.0.0/fiddle.so", at 0x7a04cc1afd6b, in 
#20   Object "/lib/x86_64-linux-gnu/libffi.so.8", at 0x7a04cc185492, in 
#19   Object "/lib/x86_64-linux-gnu/libffi.so.8", at 0x7a04cc188e2d, in 
#18   Object "/home/liyitao/workspace/install/lib/libgz-sim8-gz.so.8.0.0", at 0x7a04caf7e92f, in runServer
#17   Object "/home/liyitao/workspace/install/lib/libgz-sim8.so.8", at 0x7a04c61bd721, in gz::sim::v8::Server::Run(bool, unsigned long, bool)
#16   Object "/home/liyitao/workspace/install/lib/libgz-sim8.so.8", at 0x7a04c61d0f8f, in 
#15   Object "/home/liyitao/workspace/install/lib/libgz-sim8.so.8", at 0x7a04c61f043a, in gz::sim::v8::SimulationRunner::Run(unsigned long)
#14   Object "/home/liyitao/workspace/install/lib/libgz-sim8.so.8", at 0x7a04c61ef600, in gz::sim::v8::SimulationRunner::Step(gz::sim::v8::UpdateInfo const&)
#13   Object "/home/liyitao/workspace/install/lib/libgz-sim8.so.8", at 0x7a04c61e1dd1, in gz::sim::v8::SimulationRunner::UpdateSystems()
#12   Object "/home/liyitao/workspace/install/lib/gz-sim-8/plugins/libgz-sim-physics-system.so", at 0x7a0480dcd21e, in gz::sim::v8::systems::Physics::Update(gz::sim::v8::UpdateInfo const&, gz::sim::v8::EntityComponentManager&)
#11   Object "/home/liyitao/workspace/install/lib/gz-sim-8/plugins/libgz-sim-physics-system.so", at 0x7a0480dadf28, in gz::sim::v8::systems::PhysicsPrivate::Step(std::chrono::duration<long, std::ratio<1l, 1000000000l> > const&)
#10   Object "/home/liyitao/workspace/install/lib/gz-physics-7/engine-plugins/libgz-physics-dartsim-plugin.so", at 0x7a047a599a1a, in gz::physics::dartsim::SimulationFeatures::WorldForwardStep(gz::physics::Identity const&, gz::physics::SpecifyData<gz::physics::RequireData<gz::physics::WorldPoses>, gz::physics::ExpectData<gz::physics::ChangedWorldPoses, gz::physics::Contacts, gz::physics::JointPositions> >&, gz::physics::CompositeData&, gz::physics::ExpectData<gz::physics::ApplyExternalForceTorques, gz::physics::ApplyGeneralizedForces, gz::physics::VelocityControlCommands, gz::physics::ServoControlCommands, std::chrono::duration<long, std::ratio<1l, 1000000000l> > > const&)
#9    Object "/lib/x86_64-linux-gnu/libdart.so.6.13", at 0x7a0479f936d3, in dart::simulation::World::step(bool)
#8    Object "/lib/x86_64-linux-gnu/libdart.so.6.13", at 0x7a0479f78ca5, in dart::constraint::ConstraintSolver::solve()
#7    Object "/lib/x86_64-linux-gnu/libdart.so.6.13", at 0x7a0479f77494, in dart::constraint::ConstraintSolver::updateConstraints()
#6    Object "/home/liyitao/workspace/install/lib/gz-physics-7/engine-plugins/libgz-physics-dartsim-plugin.so", at 0x7a047a54bd4b, in dart::collision::GzOdeCollisionDetector::collide(dart::collision::CollisionGroup*, dart::collision::CollisionOption const&, dart::collision::CollisionResult*)
#5    Object "/lib/x86_64-linux-gnu/libdart-collision-ode.so.6.13", at 0x7a04b67b1d1b, in dart::collision::OdeCollisionDetector::collide(dart::collision::CollisionGroup*, dart::collision::CollisionOption const&, dart::collision::CollisionResult*)
#4    Object "/lib/x86_64-linux-gnu/libode.so.8", at 0x7a04b5d1e266, in dxHashSpace::collide(void*, void (*)(void*, dxGeom*, dxGeom*))
#3    Object "/lib/x86_64-linux-gnu/libode.so.8", at 0x7a04b5d267b7, in dDebug
#2    Object "/lib/x86_64-linux-gnu/libc.so.6", at 0x7a04cba287f2, in abort
#1    Object "/lib/x86_64-linux-gnu/libc.so.6", at 0x7a04cba42475, in raise
#0    Object "/lib/x86_64-linux-gnu/libc.so.6", at 0x7a04cba969fc, in pthread_kill
Aborted (Signal sent by tkill() 2361124 1002)
