Stack trace (most recent call last):
#25   Object "[0xffffffffffffffff]", at 0xffffffffffffffff, in 
#24   Object "gz sim /home/momo/workspace/exp/learn_1/_610/a.sdf --seed 12345 -v 0 -r -s --headless-rendering", at 0x62fff57061c4, in _start
#23   Object "/lib/x86_64-linux-gnu/libc.so.6", at 0x7a3454829e3f, in __libc_start_main
#22   Object "/lib/x86_64-linux-gnu/libc.so.6", at 0x7a3454829d8f, in 
#21   Object "gz sim /home/momo/workspace/exp/learn_1/_610/a.sdf --seed 12345 -v 0 -r -s --headless-rendering", at 0x62fff570617e, in 
#20   Object "/lib/x86_64-linux-gnu/libruby-3.0.so.3.0", at 0x7a3454ca8e19, in ruby_run_node
#19   Object "/lib/x86_64-linux-gnu/libruby-3.0.so.3.0", at 0x7a3454ca5317, in 
#18   Object "/lib/x86_64-linux-gnu/libruby-3.0.so.3.0", at 0x7a3454e3a30c, in rb_vm_exec
#17   Object "/lib/x86_64-linux-gnu/libruby-3.0.so.3.0", at 0x7a3454e34c96, in 
#16   Object "/lib/x86_64-linux-gnu/libruby-3.0.so.3.0", at 0x7a3454e31fc5, in 
#15   Object "/lib/x86_64-linux-gnu/libruby-3.0.so.3.0", at 0x7a3454e2fc34, in 
#14   Object "/usr/lib/x86_64-linux-gnu/ruby/3.0.0/fiddle.so", at 0x7a3454a7744b, in 
#13   Object "/lib/x86_64-linux-gnu/libruby-3.0.so.3.0", at 0x7a3454dfd088, in rb_nogvl
#12   Object "/usr/lib/x86_64-linux-gnu/ruby/3.0.0/fiddle.so", at 0x7a3454a76d6b, in 
#11   Object "/lib/x86_64-linux-gnu/libffi.so.8", at 0x7a3454aa5492, in 
#10   Object "/lib/x86_64-linux-gnu/libffi.so.8", at 0x7a3454aa8e2d, in 
#9    Object "/home/momo/workspace/install/lib/libgz-sim8-gz.so.8.0.0", at 0x7a344f5add9d, in runServer
#8    Object "/home/momo/workspace/install/lib/libgz-sim8.so.8", at 0x7a344daace72, in gz::sim::v8::Server::Run(bool, unsigned long, bool)
#7    Object "/home/momo/workspace/install/lib/libgz-sim8.so.8", at 0x7a344dad6f5b, in 
#6    Object "/home/momo/workspace/install/lib/libgz-sim8.so.8", at 0x7a344db07bb2, in gz::sim::v8::SimulationRunner::Run(unsigned long)
#5    Object "/home/momo/workspace/install/lib/libgz-sim8.so.8", at 0x7a344db089d0, in gz::sim::v8::SimulationRunner::Step(gz::sim::v8::UpdateInfo const&)
#4    Object "/home/momo/workspace/install/lib/libgz-sim8.so.8", at 0x7a344db04d58, in gz::sim::v8::SimulationRunner::UpdateSystems()
#3    Object "/home/momo/workspace/install/lib/gz-sim-8/plugins/libgz-sim-logicalaudiosensorplugin-system.so", at 0x7a342c7c8deb, in gz::sim::v8::systems::LogicalAudioSensorPlugin::PreUpdate(gz::sim::v8::UpdateInfo const&, gz::sim::v8::EntityComponentManager&)
#2    Object "/home/momo/workspace/install/lib/gz-sim-8/plugins/libgz-sim-logicalaudiosensorplugin-system.so", at 0x7a342c7d0d63, in gz::sim::v8::systems::LogicalAudioSensorPluginPrivate::DurationExceeded(gz::sim::v8::UpdateInfo const&, gz::sim::v8::logical_audio::SourcePlayInfo const&)
#1    Object "/home/momo/workspace/install/lib/libgz-sim8.so.8", at 0x7a344db3f2c8, in std::common_type<std::chrono::duration<long, std::ratio<1l, 1000000000l> >, std::chrono::duration<long, std::ratio<1l, 1000000000l> > >::type std::chrono::operator-<long, std::ratio<1l, 1000000000l>, long, std::ratio<1l, 1000000000l> >(std::chrono::duration<long, std::ratio<1l, 1000000000l> > const&, std::chrono::duration<long, std::ratio<1l, 1000000000l> > const&)
#0    Object "/home/momo/workspace/install/lib/libgz-sim8-gz.so.8.0.0", at 0x7a344f5d7d56, in std::chrono::duration<long, std::ratio<1l, 1000000000l> >::duration(std::chrono::duration<long, std::ratio<1l, 1000000000l> > const&)
Segmentation fault (Address not mapped to object [0x18])
