
ODE INTERNAL ERROR 1: assertion "!colliders_initialized" failed in dInitColliders() [collision_kernel.cpp:168]
Stack trace (most recent call last) in thread 1477034:
#29   Object "[0xffffffffffffffff]", at 0xffffffffffffffff, in 
#28   Object "/lib/x86_64-linux-gnu/libc.so.6", at 0x7fb62012684f, in 
#27   Object "/lib/x86_64-linux-gnu/libc.so.6", at 0x7fb620094ac2, in 
#26   Object "/lib/x86_64-linux-gnu/libstdc++.so.6", at 0x7fb61badc252, in 
#25   Object "/home/qiguanxiao/workspace/install/lib/libgz-common5.so.5", at 0x7fb61bdae15d, in std::thread::_State_impl<std::thread::_Invoker<std::tuple<void (gz::common::WorkerPool::Implementation::*)(), gz::common::WorkerPool::Implementation*> > >::_M_run()
#24   Object "/home/qiguanxiao/workspace/install/lib/libgz-common5.so.5", at 0x7fb61bdab09b, in gz::common::WorkerPool::Implementation::Worker()
#23   Object "/home/qiguanxiao/workspace/install/lib/libgz-sim8.so.8", at 0x7fb61a502e51, in 
#22   Object "/home/qiguanxiao/workspace/install/lib/libgz-sim8.so.8", at 0x7fb61a56f01a, in gz::sim::v8::SimulationRunner::Run(unsigned long)
#21   Object "/home/qiguanxiao/workspace/install/lib/libgz-sim8.so.8", at 0x7fb61a56cdc8, in gz::sim::v8::SimulationRunner::Step(gz::sim::v8::UpdateInfo const&)
#20   Object "/home/qiguanxiao/workspace/install/lib/libgz-sim8.so.8", at 0x7fb61a54a3fe, in gz::sim::v8::SimulationRunner::UpdateSystems()
#19   Object "/home/qiguanxiao/workspace/install/lib/gz-sim-8/plugins/libgz-sim-physics-system.so", at 0x7fb5fc421e95, in gz::sim::v8::systems::Physics::Update(gz::sim::v8::UpdateInfo const&, gz::sim::v8::EntityComponentManager&)
#18   Object "/home/qiguanxiao/workspace/install/lib/gz-sim-8/plugins/libgz-sim-physics-system.so", at 0x7fb5fc3e1401, in gz::sim::v8::systems::PhysicsPrivate::CreatePhysicsEntities(gz::sim::v8::EntityComponentManager const&, bool)
#17   Object "/home/qiguanxiao/workspace/install/lib/gz-sim-8/plugins/libgz-sim-physics-system.so", at 0x7fb5fc3e114f, in gz::sim::v8::systems::PhysicsPrivate::CreateWorldEntities(gz::sim::v8::EntityComponentManager const&, bool)
#16   Object "/home/qiguanxiao/workspace/install/lib/gz-sim-8/plugins/libgz-sim-physics-system.so", at 0x7fb5fc69c54b, in void gz::sim::v8::EntityComponentManager::EachNew<gz::sim::v8::components::Component<std::add_lvalue_reference<void>, gz::sim::v8::components::WorldTag, gz::sim::v8::serializers::DefaultSerializer<std::add_lvalue_reference<void> > >, gz::sim::v8::components::Component<std::__cxx11::basic_string<char, std::char_traits<char>, std::allocator<char> >, gz::sim::v8::components::NameTag, gz::sim::v8::serializers::StringSerializer>, gz::sim::v8::components::Component<gz::math::v7::Vector3<double>, gz::sim::v8::components::GravityTag, gz::sim::v8::serializers::DefaultSerializer<gz::math::v7::Vector3<double> > > >(gz::sim::v8::EntityComponentManager::identity<std::function<bool (unsigned long const&, gz::sim::v8::components::Component<std::add_lvalue_reference<void>, gz::sim::v8::components::WorldTag, gz::sim::v8::serializers::DefaultSerializer<std::add_lvalue_reference<void> > > const*, gz::sim::v8::components::Component<std::__cxx11::basic_string<char, std::char_traits<char>, std::allocator<char> >, gz::sim::v8::components::NameTag, gz::sim::v8::serializers::StringSerializer> const*, gz::sim::v8::components::Component<gz::math::v7::Vector3<double>, gz::sim::v8::components::GravityTag, gz::sim::v8::serializers::DefaultSerializer<gz::math::v7::Vector3<double> > > const*)> >::type) const
#15   Object "/home/qiguanxiao/workspace/install/lib/gz-sim-8/plugins/libgz-sim-physics-system.so", at 0x7fb5fc4089d8, in 
#14   Object "/home/qiguanxiao/workspace/install/lib/gz-sim-8/plugins/libgz-sim-physics-system.so", at 0x7fb5fc407192, in 
#13   Object "/home/qiguanxiao/workspace/install/lib/gz-sim-8/plugins/libgz-sim-physics-system.so", at 0x7fb5fc5357bd, in gz::physics::sdf::ConstructSdfWorld::Engine<gz::physics::FeaturePolicy<double, 3ul>, gz::sim::v8::systems::PhysicsPrivate::MinimumFeatureList>::ConstructWorld(sdf::v14::World const&)
#12   Object "/home/qiguanxiao/workspace/install/lib/gz-physics-7/engine-plugins/libgz-physics-dartsim-plugin.so", at 0x7fb5d6ab8748, in virtual thunk to gz::physics::dartsim::SDFFeatures::ConstructSdfWorld(gz::physics::Identity const&, sdf::v14::World const&)
#11   Object "/home/qiguanxiao/workspace/install/lib/gz-physics-7/engine-plugins/libgz-physics-dartsim-plugin.so", at 0x7fb5d6ab6df9, in gz::physics::dartsim::SDFFeatures::ConstructSdfWorld(gz::physics::Identity const&, sdf::v14::World const&)
#10   Object "/home/qiguanxiao/workspace/install/lib/gz-physics-7/engine-plugins/libgz-physics-dartsim-plugin.so", at 0x7fb5d69f9a0e, in gz::physics::dartsim::EntityManagementFeatures::ConstructEmptyWorld(gz::physics::Identity const&, std::__cxx11::basic_string<char, std::char_traits<char>, std::allocator<char> > const&)
#9    Object "/home/qiguanxiao/workspace/install/lib/gz-physics-7/engine-plugins/libgz-physics-dartsim-plugin.so", at 0x7fb5d6a3cf5a, in dart::collision::GzOdeCollisionDetector::create()
#8    Object "/home/qiguanxiao/workspace/install/lib/gz-physics-7/engine-plugins/libgz-physics-dartsim-plugin.so", at 0x7fb5d6a3cecc, in dart::collision::GzOdeCollisionDetector::GzOdeCollisionDetector()
#7    Object "/lib/x86_64-linux-gnu/libdart-collision-ode.so.6.13", at 0x7fb608ea6389, in dart::collision::OdeCollisionDetector::OdeCollisionDetector()
#6    Object "/lib/x86_64-linux-gnu/libode.so.8", at 0x7fb60846e5dc, in dInitODE2
#5    Object "/lib/x86_64-linux-gnu/libode.so.8", at 0x7fb60846e584, in 
#4    Object "/lib/x86_64-linux-gnu/libode.so.8", at 0x7fb608441529, in dInitColliders()
#3    Object "/lib/x86_64-linux-gnu/libode.so.8", at 0x7fb6084517b7, in dDebug
#2    Object "/lib/x86_64-linux-gnu/libc.so.6", at 0x7fb6200287f2, in abort
#1    Object "/lib/x86_64-linux-gnu/libc.so.6", at 0x7fb620042475, in raise
#0    Object "/lib/x86_64-linux-gnu/libc.so.6", at 0x7fb6200969fc, in pthread_kill
Aborted (Signal sent by tkill() 1477031 1000)
