Stack trace (most recent call last):
#23   Object "[0xffffffffffffffff]", at 0xffffffffffffffff, in 
#22   Object "gz sim /home/momo/workspace/exp/learn_1/_306/a.sdf --seed 12345 -v 0 -r -s --headless-rendering", at 0x5c8d2352b1c4, in _start
#21   Object "/lib/x86_64-linux-gnu/libc.so.6", at 0x780ee9a29e3f, in __libc_start_main
#20   Object "/lib/x86_64-linux-gnu/libc.so.6", at 0x780ee9a29d8f, in 
#19   Object "gz sim /home/momo/workspace/exp/learn_1/_306/a.sdf --seed 12345 -v 0 -r -s --headless-rendering", at 0x5c8d2352b17e, in 
#18   Object "/lib/x86_64-linux-gnu/libruby-3.0.so.3.0", at 0x780ee9ea8e19, in ruby_run_node
#17   Object "/lib/x86_64-linux-gnu/libruby-3.0.so.3.0", at 0x780ee9ea5317, in 
#16   Object "/lib/x86_64-linux-gnu/libruby-3.0.so.3.0", at 0x780eea03a30c, in rb_vm_exec
#15   Object "/lib/x86_64-linux-gnu/libruby-3.0.so.3.0", at 0x780eea034c96, in 
#14   Object "/lib/x86_64-linux-gnu/libruby-3.0.so.3.0", at 0x780eea031fc5, in 
#13   Object "/lib/x86_64-linux-gnu/libruby-3.0.so.3.0", at 0x780eea02fc34, in 
#12   Object "/usr/lib/x86_64-linux-gnu/ruby/3.0.0/fiddle.so", at 0x780ee9c7744b, in 
#11   Object "/lib/x86_64-linux-gnu/libruby-3.0.so.3.0", at 0x780ee9ffd088, in rb_nogvl
#10   Object "/usr/lib/x86_64-linux-gnu/ruby/3.0.0/fiddle.so", at 0x780ee9c76d6b, in 
#9    Object "/lib/x86_64-linux-gnu/libffi.so.8", at 0x780ee9c51492, in 
#8    Object "/lib/x86_64-linux-gnu/libffi.so.8", at 0x780ee9c54e2d, in 
#7    Object "/home/momo/workspace/install/lib/libgz-sim8-gz.so.8.0.0", at 0x780ee47add9d, in runServer
#6    Object "/home/momo/workspace/install/lib/libgz-sim8.so.8", at 0x780ee2cace72, in gz::sim::v8::Server::Run(bool, unsigned long, bool)
#5    Object "/home/momo/workspace/install/lib/libgz-sim8.so.8", at 0x780ee2cd6f5b, in 
#4    Object "/home/momo/workspace/install/lib/libgz-sim8.so.8", at 0x780ee2d07bb2, in gz::sim::v8::SimulationRunner::Run(unsigned long)
#3    Object "/home/momo/workspace/install/lib/libgz-sim8.so.8", at 0x780ee2d089d0, in gz::sim::v8::SimulationRunner::Step(gz::sim::v8::UpdateInfo const&)
#2    Object "/home/momo/workspace/install/lib/libgz-sim8.so.8", at 0x780ee2d04d58, in gz::sim::v8::SimulationRunner::UpdateSystems()
#1    Object "/home/momo/workspace/install/lib/gz-sim-8/plugins/libgz-sim-follow-actor-system.so", at 0x780e92d1d222, in gz::sim::v8::systems::FollowActor::PreUpdate(gz::sim::v8::UpdateInfo const&, gz::sim::v8::EntityComponentManager&)
#0    Object "/home/momo/workspace/install/lib/libgz-sim8-gz.so.8.0.0", at 0x780ee47da00f, in gz::math::v7::Pose3<double>::Pose3(gz::math::v7::Pose3<double> const&)
Segmentation fault (Address not mapped to object [0x8])
